This file contains any messages produced by compilers while
running configure, to aid debugging if configure makes a mistake.

It was created by libmodbus configure 3.1.6, which was
generated by GNU Autoconf 2.69.  Invocation command line was

  $ ./configure --host=arm-linux-gnueabihf --enable-static --prefix=/mnt/hgfs/core/src/lib/libmodbus/install --exec_prefix=/mnt/hgfs/core/src/lib/libmodbus/install#预定义变量PWD表示当前目录

## --------- ##
## Platform. ##
## --------- ##

hostname = ubuntu
uname -m = x86_64
uname -r = 4.15.0-142-generic
uname -s = Linux
uname -v = #146~16.04.1-Ubuntu SMP Tue Apr 13 09:27:15 UTC 2021

/usr/bin/uname -p = unknown
/bin/uname -X     = unknown

/bin/arch              = unknown
/usr/bin/arch -k       = unknown
/usr/convex/getsysinfo = unknown
/usr/bin/hostinfo      = unknown
/bin/machine           = unknown
/usr/bin/oslevel       = unknown
/bin/universe          = unknown

PATH: /home/tony/.vscode-server/bin/1ad8d514439d5077d2b0b7ee64d2ce82a9308e5a/bin/remote-cli
PATH: /home/tony/bin
PATH: /home/tony/.local/bin
PATH: /usr/local/sbin
PATH: /usr/local/bin
PATH: /usr/sbin
PATH: /usr/bin
PATH: /sbin
PATH: /bin
PATH: /usr/games
PATH: /usr/local/games
PATH: /snap/bin
PATH: /home/work/tools/gcc-linaro-6.2.1-2016.11-x86_64_arm-linux-gnueabihf/bin


## ----------- ##
## Core tests. ##
## ----------- ##

configure:2661: checking for a BSD-compatible install
configure:2729: result: /usr/bin/install -c
configure:2740: checking whether build environment is sane
configure:2795: result: yes
configure:2854: checking for arm-linux-gnueabihf-strip
configure:2870: found /home/work/tools/gcc-linaro-6.2.1-2016.11-x86_64_arm-linux-gnueabihf/bin/arm-linux-gnueabihf-strip
configure:2881: result: arm-linux-gnueabihf-strip
configure:2946: checking for a thread-safe mkdir -p
configure:2985: result: /bin/mkdir -p
configure:3022: result: no
configure:2992: checking for mawk
configure:3008: found /usr/bin/mawk
configure:3019: result: mawk
configure:3030: checking whether make sets $(MAKE)
configure:3052: result: yes
configure:3081: checking whether make supports nested variables
configure:3098: result: yes
configure:3177: checking how to create a pax tar archive
configure:3188: tar --version
tar (GNU tar) 1.28
Copyright (C) 2014 Free Software Foundation, Inc.
License GPLv3+: GNU GPL version 3 or later <http://gnu.org/licenses/gpl.html>.
This is free software: you are free to change and redistribute it.
There is NO WARRANTY, to the extent permitted by law.

Written by John Gilmore and Jay Fenlason.
configure:3191: $? = 0
configure:3231: tardir=conftest.dir && eval tar --format=posix -chf - "$tardir" >conftest.tar
configure:3234: $? = 0
configure:3238: tar -xf - <conftest.tar
configure:3241: $? = 0
configure:3243: cat conftest.dir/file
GrepMe
configure:3246: $? = 0
configure:3259: result: gnutar
configure:3321: checking for style of include used by make
configure:3349: result: GNU
configure:3380: checking for arm-linux-gnueabihf-gcc
configure:3396: found /home/work/tools/gcc-linaro-6.2.1-2016.11-x86_64_arm-linux-gnueabihf/bin/arm-linux-gnueabihf-gcc
configure:3407: result: arm-linux-gnueabihf-gcc
configure:3676: checking for C compiler version
configure:3685: arm-linux-gnueabihf-gcc --version >&5
arm-linux-gnueabihf-gcc (Linaro GCC 6.2-2016.11) 6.2.1 20161016
Copyright (C) 2016 Free Software Foundation, Inc.
This is free software; see the source for copying conditions.  There is NO
warranty; not even for MERCHANTABILITY or FITNESS FOR A PARTICULAR PURPOSE.

configure:3696: $? = 0
configure:3685: arm-linux-gnueabihf-gcc -v >&5
Using built-in specs.
COLLECT_GCC=arm-linux-gnueabihf-gcc
COLLECT_LTO_WRAPPER=/home/work/tools/gcc-linaro-6.2.1-2016.11-x86_64_arm-linux-gnueabihf/bin/../libexec/gcc/arm-linux-gnueabihf/6.2.1/lto-wrapper
Target: arm-linux-gnueabihf
Configured with: /home/tcwg-buildslave/workspace/tcwg-make-release/label/docker-trusty-amd64-tcwg-build/target/arm-linux-gnueabihf/snapshots/gcc-linaro-6.2-2016.11/configure SHELL=/bin/bash --with-mpc=/home/tcwg-buildslave/workspace/tcwg-make-release/label/docker-trusty-amd64-tcwg-build/target/arm-linux-gnueabihf/_build/builds/destdir/x86_64-unknown-linux-gnu --with-mpfr=/home/tcwg-buildslave/workspace/tcwg-make-release/label/docker-trusty-amd64-tcwg-build/target/arm-linux-gnueabihf/_build/builds/destdir/x86_64-unknown-linux-gnu --with-gmp=/home/tcwg-buildslave/workspace/tcwg-make-release/label/docker-trusty-amd64-tcwg-build/target/arm-linux-gnueabihf/_build/builds/destdir/x86_64-unknown-linux-gnu --with-gnu-as --with-gnu-ld --disable-libstdcxx-pch --disable-libmudflap --with-cloog=no --with-ppl=no --with-isl=no --disable-nls --enable-c99 --enable-gnu-indirect-function --disable-multilib --with-tune=cortex-a9 --with-arch=armv7-a --with-fpu=vfpv3-d16 --with-float=hard --with-mode=thumb --enable-multiarch --with-build-sysroot=/home/tcwg-buildslave/workspace/tcwg-make-release/label/docker-trusty-amd64-tcwg-build/target/arm-linux-gnueabihf/_build/sysroots/arm-linux-gnueabihf --enable-lto --enable-linker-build-id --enable-long-long --enable-shared --with-sysroot=/home/tcwg-buildslave/workspace/tcwg-make-release/label/docker-trusty-amd64-tcwg-build/target/arm-linux-gnueabihf/_build/builds/destdir/x86_64-unknown-linux-gnu/arm-linux-gnueabihf/libc --enable-languages=c,c++,fortran,lto --enable-checking=release --disable-bootstrap --build=x86_64-unknown-linux-gnu --host=x86_64-unknown-linux-gnu --target=arm-linux-gnueabihf --prefix=/home/tcwg-buildslave/workspace/tcwg-make-release/label/docker-trusty-amd64-tcwg-build/target/arm-linux-gnueabihf/_build/builds/destdir/x86_64-unknown-linux-gnu
Thread model: posix
gcc version 6.2.1 20161016 (Linaro GCC 6.2-2016.11) 
configure:3696: $? = 0
configure:3685: arm-linux-gnueabihf-gcc -V >&5
arm-linux-gnueabihf-gcc: error: unrecognized command line option '-V'
arm-linux-gnueabihf-gcc: fatal error: no input files
compilation terminated.
configure:3696: $? = 1
configure:3685: arm-linux-gnueabihf-gcc -qversion >&5
arm-linux-gnueabihf-gcc: error: unrecognized command line option '-qversion'; did you mean '--version'?
arm-linux-gnueabihf-gcc: fatal error: no input files
compilation terminated.
configure:3696: $? = 1
configure:3716: checking whether the C compiler works
configure:3738: arm-linux-gnueabihf-gcc    conftest.c  >&5
configure:3742: $? = 0
configure:3790: result: yes
configure:3793: checking for C compiler default output file name
configure:3795: result: a.out
configure:3801: checking for suffix of executables
configure:3808: arm-linux-gnueabihf-gcc -o conftest    conftest.c  >&5
configure:3812: $? = 0
configure:3834: result: 
configure:3856: checking whether we are cross compiling
configure:3864: arm-linux-gnueabihf-gcc -o conftest    conftest.c  >&5
configure:3868: $? = 0
configure:3875: ./conftest
./configure: line 3877: ./conftest: cannot execute binary file: Exec format error
configure:3879: $? = 126
configure:3894: result: yes
configure:3899: checking for suffix of object files
configure:3921: arm-linux-gnueabihf-gcc -c   conftest.c >&5
configure:3925: $? = 0
configure:3946: result: o
configure:3950: checking whether we are using the GNU C compiler
configure:3969: arm-linux-gnueabihf-gcc -c   conftest.c >&5
configure:3969: $? = 0
configure:3978: result: yes
configure:3987: checking whether arm-linux-gnueabihf-gcc accepts -g
configure:4007: arm-linux-gnueabihf-gcc -c -g  conftest.c >&5
configure:4007: $? = 0
configure:4048: result: yes
configure:4065: checking for arm-linux-gnueabihf-gcc option to accept ISO C89
configure:4128: arm-linux-gnueabihf-gcc  -c -g -O2  conftest.c >&5
configure:4128: $? = 0
configure:4141: result: none needed
configure:4166: checking whether arm-linux-gnueabihf-gcc understands -c and -o together
configure:4188: arm-linux-gnueabihf-gcc -c conftest.c -o conftest2.o
configure:4191: $? = 0
configure:4188: arm-linux-gnueabihf-gcc -c conftest.c -o conftest2.o
configure:4191: $? = 0
configure:4203: result: yes
configure:4222: checking dependency style of arm-linux-gnueabihf-gcc
configure:4333: result: gcc3
configure:4352: checking for arm-linux-gnueabihf-gcc option to accept ISO C99
configure:4501: arm-linux-gnueabihf-gcc  -c -g -O2  conftest.c >&5
configure:4501: $? = 0
configure:4514: result: none needed
configure:4622: checking for arm-linux-gnueabihf-gcc option to accept ISO Standard C
configure:4633: result: none needed
configure:4646: checking how to run the C preprocessor
configure:4677: arm-linux-gnueabihf-gcc -E  conftest.c
configure:4677: $? = 0
configure:4691: arm-linux-gnueabihf-gcc -E  conftest.c
conftest.c:11:28: fatal error: ac_nonexistent.h: No such file or directory
 #include <ac_nonexistent.h>
                            ^
compilation terminated.
configure:4691: $? = 1
configure: failed program was:
| /* confdefs.h */
| #define PACKAGE_NAME "libmodbus"
| #define PACKAGE_TARNAME "libmodbus"
| #define PACKAGE_VERSION "3.1.6"
| #define PACKAGE_STRING "libmodbus 3.1.6"
| #define PACKAGE_BUGREPORT "https://github.com/stephane/libmodbus/issues"
| #define PACKAGE_URL "http://libmodbus.org/"
| #define PACKAGE "libmodbus"
| #define VERSION "3.1.6"
| /* end confdefs.h.  */
| #include <ac_nonexistent.h>
configure:4716: result: arm-linux-gnueabihf-gcc -E
configure:4736: arm-linux-gnueabihf-gcc -E  conftest.c
configure:4736: $? = 0
configure:4750: arm-linux-gnueabihf-gcc -E  conftest.c
conftest.c:11:28: fatal error: ac_nonexistent.h: No such file or directory
 #include <ac_nonexistent.h>
                            ^
compilation terminated.
configure:4750: $? = 1
configure: failed program was:
| /* confdefs.h */
| #define PACKAGE_NAME "libmodbus"
| #define PACKAGE_TARNAME "libmodbus"
| #define PACKAGE_VERSION "3.1.6"
| #define PACKAGE_STRING "libmodbus 3.1.6"
| #define PACKAGE_BUGREPORT "https://github.com/stephane/libmodbus/issues"
| #define PACKAGE_URL "http://libmodbus.org/"
| #define PACKAGE "libmodbus"
| #define VERSION "3.1.6"
| /* end confdefs.h.  */
| #include <ac_nonexistent.h>
configure:4779: checking for grep that handles long lines and -e
configure:4837: result: /bin/grep
configure:4842: checking for egrep
configure:4904: result: /bin/grep -E
configure:4909: checking for ANSI C header files
configure:4929: arm-linux-gnueabihf-gcc -c -g -O2  conftest.c >&5
configure:4929: $? = 0
configure:5013: result: yes
configure:5026: checking for sys/types.h
configure:5026: arm-linux-gnueabihf-gcc -c -g -O2  conftest.c >&5
configure:5026: $? = 0
configure:5026: result: yes
configure:5026: checking for sys/stat.h
configure:5026: arm-linux-gnueabihf-gcc -c -g -O2  conftest.c >&5
configure:5026: $? = 0
configure:5026: result: yes
configure:5026: checking for stdlib.h
configure:5026: arm-linux-gnueabihf-gcc -c -g -O2  conftest.c >&5
configure:5026: $? = 0
configure:5026: result: yes
configure:5026: checking for string.h
configure:5026: arm-linux-gnueabihf-gcc -c -g -O2  conftest.c >&5
configure:5026: $? = 0
configure:5026: result: yes
configure:5026: checking for memory.h
configure:5026: arm-linux-gnueabihf-gcc -c -g -O2  conftest.c >&5
configure:5026: $? = 0
configure:5026: result: yes
configure:5026: checking for strings.h
configure:5026: arm-linux-gnueabihf-gcc -c -g -O2  conftest.c >&5
configure:5026: $? = 0
configure:5026: result: yes
configure:5026: checking for inttypes.h
configure:5026: arm-linux-gnueabihf-gcc -c -g -O2  conftest.c >&5
configure:5026: $? = 0
configure:5026: result: yes
configure:5026: checking for stdint.h
configure:5026: arm-linux-gnueabihf-gcc -c -g -O2  conftest.c >&5
configure:5026: $? = 0
configure:5026: result: yes
configure:5026: checking for unistd.h
configure:5026: arm-linux-gnueabihf-gcc -c -g -O2  conftest.c >&5
configure:5026: $? = 0
configure:5026: result: yes
configure:5039: checking minix/config.h usability
configure:5039: arm-linux-gnueabihf-gcc -c -g -O2  conftest.c >&5
conftest.c:54:26: fatal error: minix/config.h: No such file or directory
 #include <minix/config.h>
                          ^
compilation terminated.
configure:5039: $? = 1
configure: failed program was:
| /* confdefs.h */
| #define PACKAGE_NAME "libmodbus"
| #define PACKAGE_TARNAME "libmodbus"
| #define PACKAGE_VERSION "3.1.6"
| #define PACKAGE_STRING "libmodbus 3.1.6"
| #define PACKAGE_BUGREPORT "https://github.com/stephane/libmodbus/issues"
| #define PACKAGE_URL "http://libmodbus.org/"
| #define PACKAGE "libmodbus"
| #define VERSION "3.1.6"
| #define STDC_HEADERS 1
| #define HAVE_SYS_TYPES_H 1
| #define HAVE_SYS_STAT_H 1
| #define HAVE_STDLIB_H 1
| #define HAVE_STRING_H 1
| #define HAVE_MEMORY_H 1
| #define HAVE_STRINGS_H 1
| #define HAVE_INTTYPES_H 1
| #define HAVE_STDINT_H 1
| #define HAVE_UNISTD_H 1
| /* end confdefs.h.  */
| #include <stdio.h>
| #ifdef HAVE_SYS_TYPES_H
| # include <sys/types.h>
| #endif
| #ifdef HAVE_SYS_STAT_H
| # include <sys/stat.h>
| #endif
| #ifdef STDC_HEADERS
| # include <stdlib.h>
| # include <stddef.h>
| #else
| # ifdef HAVE_STDLIB_H
| #  include <stdlib.h>
| # endif
| #endif
| #ifdef HAVE_STRING_H
| # if !defined STDC_HEADERS && defined HAVE_MEMORY_H
| #  include <memory.h>
| # endif
| # include <string.h>
| #endif
| #ifdef HAVE_STRINGS_H
| # include <strings.h>
| #endif
| #ifdef HAVE_INTTYPES_H
| # include <inttypes.h>
| #endif
| #ifdef HAVE_STDINT_H
| # include <stdint.h>
| #endif
| #ifdef HAVE_UNISTD_H
| # include <unistd.h>
| #endif
| #include <minix/config.h>
configure:5039: result: no
configure:5039: checking minix/config.h presence
configure:5039: arm-linux-gnueabihf-gcc -E  conftest.c
conftest.c:21:26: fatal error: minix/config.h: No such file or directory
 #include <minix/config.h>
                          ^
compilation terminated.
configure:5039: $? = 1
configure: failed program was:
| /* confdefs.h */
| #define PACKAGE_NAME "libmodbus"
| #define PACKAGE_TARNAME "libmodbus"
| #define PACKAGE_VERSION "3.1.6"
| #define PACKAGE_STRING "libmodbus 3.1.6"
| #define PACKAGE_BUGREPORT "https://github.com/stephane/libmodbus/issues"
| #define PACKAGE_URL "http://libmodbus.org/"
| #define PACKAGE "libmodbus"
| #define VERSION "3.1.6"
| #define STDC_HEADERS 1
| #define HAVE_SYS_TYPES_H 1
| #define HAVE_SYS_STAT_H 1
| #define HAVE_STDLIB_H 1
| #define HAVE_STRING_H 1
| #define HAVE_MEMORY_H 1
| #define HAVE_STRINGS_H 1
| #define HAVE_INTTYPES_H 1
| #define HAVE_STDINT_H 1
| #define HAVE_UNISTD_H 1
| /* end confdefs.h.  */
| #include <minix/config.h>
configure:5039: result: no
configure:5039: checking for minix/config.h
configure:5039: result: no
configure:5060: checking whether it is safe to define __EXTENSIONS__
configure:5078: arm-linux-gnueabihf-gcc -c -g -O2  conftest.c >&5
configure:5078: $? = 0
configure:5085: result: yes
configure:5106: checking for special C compiler options needed for large files
configure:5151: result: no
configure:5157: checking for _FILE_OFFSET_BITS value needed for large files
configure:5182: arm-linux-gnueabihf-gcc -c -g -O2  conftest.c >&5
conftest.c:31:41: warning: result of '-2147483648l << 31' requires 63 bits to represent, but 'long int' only has 32 bits [-Wshift-overflow=]
 #define LARGE_OFF_T ((((off_t) 1 << 31) << 31) - 1 + (((off_t) 1 << 31) << 31))
                                         ^
conftest.c:32:23: note: in expansion of macro 'LARGE_OFF_T'
   int off_t_is_large[(LARGE_OFF_T % 2147483629 == 721
                       ^~~~~~~~~~~
conftest.c:31:73: warning: result of '-2147483648l << 31' requires 63 bits to represent, but 'long int' only has 32 bits [-Wshift-overflow=]
 #define LARGE_OFF_T ((((off_t) 1 << 31) << 31) - 1 + (((off_t) 1 << 31) << 31))
                                                                         ^
conftest.c:32:23: note: in expansion of macro 'LARGE_OFF_T'
   int off_t_is_large[(LARGE_OFF_T % 2147483629 == 721
                       ^~~~~~~~~~~
conftest.c:31:41: warning: result of '-2147483648l << 31' requires 63 bits to represent, but 'long int' only has 32 bits [-Wshift-overflow=]
 #define LARGE_OFF_T ((((off_t) 1 << 31) << 31) - 1 + (((off_t) 1 << 31) << 31))
                                         ^
conftest.c:33:13: note: in expansion of macro 'LARGE_OFF_T'
          && LARGE_OFF_T % 2147483647 == 1)
             ^~~~~~~~~~~
conftest.c:31:73: warning: result of '-2147483648l << 31' requires 63 bits to represent, but 'long int' only has 32 bits [-Wshift-overflow=]
 #define LARGE_OFF_T ((((off_t) 1 << 31) << 31) - 1 + (((off_t) 1 << 31) << 31))
                                                                         ^
conftest.c:33:13: note: in expansion of macro 'LARGE_OFF_T'
          && LARGE_OFF_T % 2147483647 == 1)
             ^~~~~~~~~~~
conftest.c:32:7: error: variably modified 'off_t_is_large' at file scope
   int off_t_is_large[(LARGE_OFF_T % 2147483629 == 721
       ^~~~~~~~~~~~~~
configure:5182: $? = 1
configure: failed program was:
| /* confdefs.h */
| #define PACKAGE_NAME "libmodbus"
| #define PACKAGE_TARNAME "libmodbus"
| #define PACKAGE_VERSION "3.1.6"
| #define PACKAGE_STRING "libmodbus 3.1.6"
| #define PACKAGE_BUGREPORT "https://github.com/stephane/libmodbus/issues"
| #define PACKAGE_URL "http://libmodbus.org/"
| #define PACKAGE "libmodbus"
| #define VERSION "3.1.6"
| #define STDC_HEADERS 1
| #define HAVE_SYS_TYPES_H 1
| #define HAVE_SYS_STAT_H 1
| #define HAVE_STDLIB_H 1
| #define HAVE_STRING_H 1
| #define HAVE_MEMORY_H 1
| #define HAVE_STRINGS_H 1
| #define HAVE_INTTYPES_H 1
| #define HAVE_STDINT_H 1
| #define HAVE_UNISTD_H 1
| #define __EXTENSIONS__ 1
| #define _ALL_SOURCE 1
| #define _GNU_SOURCE 1
| #define _POSIX_PTHREAD_SEMANTICS 1
| #define _TANDEM_SOURCE 1
| /* end confdefs.h.  */
| #include <sys/types.h>
|  /* Check that off_t can represent 2**63 - 1 correctly.
|     We can't simply define LARGE_OFF_T to be 9223372036854775807,
|     since some C++ compilers masquerading as C compilers
|     incorrectly reject 9223372036854775807.  */
| #define LARGE_OFF_T ((((off_t) 1 << 31) << 31) - 1 + (((off_t) 1 << 31) << 31))
|   int off_t_is_large[(LARGE_OFF_T % 2147483629 == 721
| 		       && LARGE_OFF_T % 2147483647 == 1)
| 		      ? 1 : -1];
| int
| main ()
| {
| 
|   ;
|   return 0;
| }
configure:5206: arm-linux-gnueabihf-gcc -c -g -O2  conftest.c >&5
configure:5206: $? = 0
configure:5214: result: 64
configure:5311: checking whether make supports nested variables
configure:5361: checking build system type
configure:5375: result: x86_64-pc-linux-gnu
configure:5395: checking host system type
configure:5408: result: arm-unknown-linux-gnueabihf
configure:5507: checking how to print strings
configure:5534: result: printf
configure:5555: checking for a sed that does not truncate output
configure:5619: result: /bin/sed
configure:5637: checking for fgrep
configure:5699: result: /bin/grep -F
configure:5734: checking for ld used by arm-linux-gnueabihf-gcc
configure:5801: result: /home/work/tools/gcc-linaro-6.2.1-2016.11-x86_64_arm-linux-gnueabihf/arm-linux-gnueabihf/bin/ld
configure:5808: checking if the linker (/home/work/tools/gcc-linaro-6.2.1-2016.11-x86_64_arm-linux-gnueabihf/arm-linux-gnueabihf/bin/ld) is GNU ld
configure:5823: result: yes
configure:5835: checking for BSD- or MS-compatible name lister (nm)
configure:5889: result: /home/work/tools/gcc-linaro-6.2.1-2016.11-x86_64_arm-linux-gnueabihf/bin/arm-linux-gnueabihf-nm -B
configure:6019: checking the name lister (/home/work/tools/gcc-linaro-6.2.1-2016.11-x86_64_arm-linux-gnueabihf/bin/arm-linux-gnueabihf-nm -B) interface
configure:6026: arm-linux-gnueabihf-gcc -c -g -O2  conftest.c >&5
configure:6029: /home/work/tools/gcc-linaro-6.2.1-2016.11-x86_64_arm-linux-gnueabihf/bin/arm-linux-gnueabihf-nm -B "conftest.o"
configure:6032: output
00000000 B some_variable
configure:6039: result: BSD nm
configure:6042: checking whether ln -s works
configure:6049: result: no, using cp -pR
configure:6054: checking the maximum length of command line arguments
configure:6185: result: 1572864
configure:6233: checking how to convert x86_64-pc-linux-gnu file names to arm-unknown-linux-gnueabihf format
configure:6273: result: func_convert_file_noop
configure:6280: checking how to convert x86_64-pc-linux-gnu file names to toolchain format
configure:6300: result: func_convert_file_noop
configure:6307: checking for /home/work/tools/gcc-linaro-6.2.1-2016.11-x86_64_arm-linux-gnueabihf/arm-linux-gnueabihf/bin/ld option to reload object files
configure:6314: result: -r
configure:6348: checking for arm-linux-gnueabihf-objdump
configure:6364: found /home/work/tools/gcc-linaro-6.2.1-2016.11-x86_64_arm-linux-gnueabihf/bin/arm-linux-gnueabihf-objdump
configure:6375: result: arm-linux-gnueabihf-objdump
configure:6444: checking how to recognize dependent libraries
configure:6644: result: pass_all
configure:6689: checking for arm-linux-gnueabihf-dlltool
configure:6719: result: no
configure:6729: checking for dlltool
configure:6759: result: no
configure:6786: checking how to associate runtime and link libraries
configure:6813: result: printf %s\n
configure:6829: checking for arm-linux-gnueabihf-ar
configure:6845: found /home/work/tools/gcc-linaro-6.2.1-2016.11-x86_64_arm-linux-gnueabihf/bin/arm-linux-gnueabihf-ar
configure:6856: result: arm-linux-gnueabihf-ar
configure:6953: checking for archiver @FILE support
configure:6970: arm-linux-gnueabihf-gcc -c -g -O2  conftest.c >&5
configure:6970: $? = 0
configure:6973: arm-linux-gnueabihf-ar cr libconftest.a @conftest.lst >&5
configure:6976: $? = 0
configure:6981: arm-linux-gnueabihf-ar cr libconftest.a @conftest.lst >&5
arm-linux-gnueabihf-ar: conftest.o: No such file or directory
configure:6984: $? = 1
configure:6996: result: @
configure:7014: checking for arm-linux-gnueabihf-strip
configure:7041: result: arm-linux-gnueabihf-strip
configure:7113: checking for arm-linux-gnueabihf-ranlib
configure:7129: found /home/work/tools/gcc-linaro-6.2.1-2016.11-x86_64_arm-linux-gnueabihf/bin/arm-linux-gnueabihf-ranlib
configure:7140: result: arm-linux-gnueabihf-ranlib
configure:7282: checking command to parse /home/work/tools/gcc-linaro-6.2.1-2016.11-x86_64_arm-linux-gnueabihf/bin/arm-linux-gnueabihf-nm -B output from arm-linux-gnueabihf-gcc object
configure:7435: arm-linux-gnueabihf-gcc -c -g -O2  conftest.c >&5
configure:7438: $? = 0
configure:7442: /home/work/tools/gcc-linaro-6.2.1-2016.11-x86_64_arm-linux-gnueabihf/bin/arm-linux-gnueabihf-nm -B conftest.o \| sed -n -e 's/^.*[ ]\([ABCDGIRSTW][ABCDGIRSTW]*\)[ ][ ]*\([_A-Za-z][_A-Za-z0-9]*\)$/\1 \2 \2/p' | sed '/ __gnu_lto/d' \> conftest.nm
configure:7445: $? = 0
configure:7511: arm-linux-gnueabihf-gcc -o conftest -g -O2   conftest.c conftstm.o >&5
configure:7514: $? = 0
configure:7552: result: ok
configure:7599: checking for sysroot
configure:7629: result: no
configure:7636: checking for a working dd
configure:7674: result: /bin/dd
configure:7678: checking how to truncate binary pipes
configure:7693: result: /bin/dd bs=4096 count=1
configure:7982: checking for arm-linux-gnueabihf-mt
configure:8012: result: no
configure:8022: checking for mt
configure:8038: found /bin/mt
configure:8049: result: mt
configure:8061: WARNING: using cross tools not prefixed with host triplet
configure:8072: checking if mt is a manifest tool
configure:8078: mt '-?'
configure:8086: result: no
configure:8760: checking for dlfcn.h
configure:8760: arm-linux-gnueabihf-gcc -c -g -O2  conftest.c >&5
configure:8760: $? = 0
configure:8760: result: yes
configure:9312: checking for objdir
configure:9327: result: .libs
configure:9591: checking if arm-linux-gnueabihf-gcc supports -fno-rtti -fno-exceptions
configure:9609: arm-linux-gnueabihf-gcc -c -g -O2  -fno-rtti -fno-exceptions conftest.c >&5
cc1: warning: command line option '-fno-rtti' is valid for C++/ObjC++ but not for C
configure:9613: $? = 0
configure:9626: result: no
configure:9984: checking for arm-linux-gnueabihf-gcc option to produce PIC
configure:9991: result: -fPIC -DPIC
configure:9999: checking if arm-linux-gnueabihf-gcc PIC flag -fPIC -DPIC works
configure:10017: arm-linux-gnueabihf-gcc -c -g -O2  -fPIC -DPIC -DPIC conftest.c >&5
configure:10021: $? = 0
configure:10034: result: yes
configure:10063: checking if arm-linux-gnueabihf-gcc static flag -static works
configure:10091: result: yes
configure:10106: checking if arm-linux-gnueabihf-gcc supports -c -o file.o
configure:10127: arm-linux-gnueabihf-gcc -c -g -O2  -o out/conftest2.o conftest.c >&5
configure:10131: $? = 0
configure:10153: result: yes
configure:10161: checking if arm-linux-gnueabihf-gcc supports -c -o file.o
configure:10208: result: yes
configure:10241: checking whether the arm-linux-gnueabihf-gcc linker (/home/work/tools/gcc-linaro-6.2.1-2016.11-x86_64_arm-linux-gnueabihf/arm-linux-gnueabihf/bin/ld) supports shared libraries
configure:11502: result: yes
configure:11539: checking whether -lc should be explicitly linked in
configure:11547: arm-linux-gnueabihf-gcc -c -g -O2  conftest.c >&5
configure:11550: $? = 0
configure:11565: arm-linux-gnueabihf-gcc -shared  -fPIC -DPIC conftest.o  -v -Wl,-soname -Wl,conftest -o conftest 2\>\&1 \| /bin/grep  -lc  \>/dev/null 2\>\&1
configure:11568: $? = 0
configure:11582: result: no
configure:11742: checking dynamic linker characteristics
configure:12323: arm-linux-gnueabihf-gcc -o conftest -g -O2   -Wl,-rpath -Wl,/foo conftest.c  >&5
configure:12323: $? = 0
configure:12560: result: GNU/Linux ld.so
configure:12682: checking how to hardcode library paths into programs
configure:12707: result: immediate
configure:13255: checking whether stripping libraries is possible
configure:13264: result: yes
configure:13306: checking if libtool supports shared libraries
configure:13308: result: yes
configure:13311: checking whether to build shared libraries
configure:13336: result: yes
configure:13339: checking whether to build static libraries
configure:13343: result: yes
configure:13401: checking arpa/inet.h usability
configure:13401: arm-linux-gnueabihf-gcc -c -g -O2  conftest.c >&5
configure:13401: $? = 0
configure:13401: result: yes
configure:13401: checking arpa/inet.h presence
configure:13401: arm-linux-gnueabihf-gcc -E  conftest.c
configure:13401: $? = 0
configure:13401: result: yes
configure:13401: checking for arpa/inet.h
configure:13401: result: yes
configure:13401: checking byteswap.h usability
configure:13401: arm-linux-gnueabihf-gcc -c -g -O2  conftest.c >&5
configure:13401: $? = 0
configure:13401: result: yes
configure:13401: checking byteswap.h presence
configure:13401: arm-linux-gnueabihf-gcc -E  conftest.c
configure:13401: $? = 0
configure:13401: result: yes
configure:13401: checking for byteswap.h
configure:13401: result: yes
configure:13401: checking errno.h usability
configure:13401: arm-linux-gnueabihf-gcc -c -g -O2  conftest.c >&5
configure:13401: $? = 0
configure:13401: result: yes
configure:13401: checking errno.h presence
configure:13401: arm-linux-gnueabihf-gcc -E  conftest.c
configure:13401: $? = 0
configure:13401: result: yes
configure:13401: checking for errno.h
configure:13401: result: yes
configure:13401: checking fcntl.h usability
configure:13401: arm-linux-gnueabihf-gcc -c -g -O2  conftest.c >&5
configure:13401: $? = 0
configure:13401: result: yes
configure:13401: checking fcntl.h presence
configure:13401: arm-linux-gnueabihf-gcc -E  conftest.c
configure:13401: $? = 0
configure:13401: result: yes
configure:13401: checking limits.h usability
re:13401: result: yes
configure:13401: arm-linux-gnueabihf-gcc -c -g -O2  conftest.c >&5
configure:13401: $? = 0
configure:13401: result: yes
configure:13401: checking limits.h presence
configure:13401: arm-linux-gnueabihf-gcc -E  conftest.c
configure:13401: $? = 0
configure:13401: result: yes
configure:13401: checking for limits.h
configure:13401: result: yes
configure:13401: checking linux/serial.h usability
configure:13401: arm-linux-gnueabihf-gcc -c -g -O2  conftest.c >&5
configure:13401: $? = 0
configure:13401: result: yes
configure:13401: checking linux/serial.h presence
configure:13401: arm-linux-gnueabihf-gcc -E  conftest.c
configure:13401: $? = 0
configure:13401: result: yes
configure:13401: checking for linux/serial.h
configure:13401: result: yes
configure:13401: checking netdb.h usability
configure:13401: arm-linux-gnueabihf-gcc -c -g -O2  conftest.c >&5
configure:13401: $? = 0
configure:13401: arm-linux-gnueabihf-gcc -E  conftest.c
etdb.h presence
configure:13401: $? = 0
configure:13401: result: yes
configure:13401: checking for netdb.h
configure:13401: result: yes
configure:13401: checking netinet/in.h usability
configure:13401: arm-linux-gnueabihf-gcc -c -g -O2  conftest.c >&5
configure:13401: $? = 0
configure:13401: result: yes
configure:13401: checking netinet/in.h presence
configure:13401: arm-linux-gnueabihf-gcc -E  conftest.c
configure:13401: $? = 0
configure:13401: result: yes
configure:13401: checking for netinet/in.h
configure:13401: result: yes
configure:13401: checking netinet/tcp.h usability
configure:13401: arm-linux-gnueabihf-gcc -c -g -O2  conftest.c >&5
configure:13401: $? = 0
configure:13401: result: yes
configure:13401: checking netinet/tcp.h presence
configure:13401: arm-linux-gnueabihf-gcc -E  conftest.c
configure:13401: $? = 0
configure:13401: result: yes
configure:13401: checking for netinet/tcp.h
configure:13401: result: yes
configure:13401: checking sys/ioctl.h usability
configure:13401: arm-linux-gnueabihf-gcc -c -g -O2  conftest.c >&5
configure:13401: $? = 0
configure:13401: result: yes
configure:13401: checking sys/ioctl.h presence
configure:13401: arm-linux-gnueabihf-gcc -E  conftest.c
configure:13401: $? = 0
configure:13401: result: yes
configure:13401: checking for sys/ioctl.h
configure:13401: result: yes
configure:13401: checking sys/params.h usability
configure:13401: arm-linux-gnueabihf-gcc -c -g -O2  conftest.c >&5
conftest.c:72:24: fatal error: sys/params.h: No such file or directory
 #include <sys/params.h>
                        ^
compilation terminated.
configure:13401: $? = 1
configure: failed program was:
| /* confdefs.h */
| #define PACKAGE_NAME "libmodbus"
| #define PACKAGE_TARNAME "libmodbus"
| #define PACKAGE_VERSION "3.1.6"
| #define PACKAGE_STRING "libmodbus 3.1.6"
| #define PACKAGE_BUGREPORT "https://github.com/stephane/libmodbus/issues"
| #define PACKAGE_URL "http://libmodbus.org/"
| #define PACKAGE "libmodbus"
| #define VERSION "3.1.6"
| #define STDC_HEADERS 1
| #define HAVE_SYS_TYPES_H 1
| #define HAVE_SYS_STAT_H 1
| #define HAVE_STDLIB_H 1
| #define HAVE_STRING_H 1
| #define HAVE_MEMORY_H 1
| #define HAVE_STRINGS_H 1
| #define HAVE_INTTYPES_H 1
| #define HAVE_STDINT_H 1
| #define HAVE_UNISTD_H 1
| #define __EXTENSIONS__ 1
| #define _ALL_SOURCE 1
| #define _GNU_SOURCE 1
| #define _POSIX_PTHREAD_SEMANTICS 1
| #define _TANDEM_SOURCE 1
| #define _FILE_OFFSET_BITS 64
| #define HAVE_DLFCN_H 1
| #define LT_OBJDIR ".libs/"
| #define HAVE_ARPA_INET_H 1
| #define HAVE_BYTESWAP_H 1
| #define HAVE_ERRNO_H 1
| #define HAVE_FCNTL_H 1
| #define HAVE_LIMITS_H 1
| #define HAVE_LINUX_SERIAL_H 1
| #define HAVE_NETDB_H 1
| #define HAVE_NETINET_IN_H 1
| #define HAVE_NETINET_TCP_H 1
| #define HAVE_SYS_IOCTL_H 1
| /* end confdefs.h.  */
| #include <stdio.h>
| #ifdef HAVE_SYS_TYPES_H
| # include <sys/types.h>
| #endif
| #ifdef HAVE_SYS_STAT_H
| # include <sys/stat.h>
| #endif
| #ifdef STDC_HEADERS
| # include <stdlib.h>
| # include <stddef.h>
| #else
| # ifdef HAVE_STDLIB_H
| #  include <stdlib.h>
| # endif
| #endif
| #ifdef HAVE_STRING_H
| # if !defined STDC_HEADERS && defined HAVE_MEMORY_H
| #  include <memory.h>
| # endif
| # include <string.h>
| #endif
| #ifdef HAVE_STRINGS_H
| # include <strings.h>
| #endif
| #ifdef HAVE_INTTYPES_H
| # include <inttypes.h>
| #endif
| #ifdef HAVE_STDINT_H
| # include <stdint.h>
| #endif
| #ifdef HAVE_UNISTD_H
| # include <unistd.h>
| #endif
| #include <sys/params.h>
configure:13401: result: no
configure:13401: checking sys/params.h presence
configure:13401: arm-linux-gnueabihf-gcc -E  conftest.c
conftest.c:39:24: fatal error: sys/params.h: No such file or directory
 #include <sys/params.h>
                        ^
compilation terminated.
configure:13401: $? = 1
configure: failed program was:
| /* confdefs.h */
| #define PACKAGE_NAME "libmodbus"
| #define PACKAGE_TARNAME "libmodbus"
| #define PACKAGE_VERSION "3.1.6"
| #define PACKAGE_STRING "libmodbus 3.1.6"
| #define PACKAGE_BUGREPORT "https://github.com/stephane/libmodbus/issues"
| #define PACKAGE_URL "http://libmodbus.org/"
| #define PACKAGE "libmodbus"
| #define VERSION "3.1.6"
| #define STDC_HEADERS 1
| #define HAVE_SYS_TYPES_H 1
| #define HAVE_SYS_STAT_H 1
| #define HAVE_STDLIB_H 1
| #define HAVE_STRING_H 1
| #define HAVE_MEMORY_H 1
| #define HAVE_STRINGS_H 1
| #define HAVE_INTTYPES_H 1
| #define HAVE_STDINT_H 1
| #define HAVE_UNISTD_H 1
| #define __EXTENSIONS__ 1
| #define _ALL_SOURCE 1
| #define _GNU_SOURCE 1
| #define _POSIX_PTHREAD_SEMANTICS 1
| #define _TANDEM_SOURCE 1
| #define _FILE_OFFSET_BITS 64
| #define HAVE_DLFCN_H 1
| #define LT_OBJDIR ".libs/"
| #define HAVE_ARPA_INET_H 1
| #define HAVE_BYTESWAP_H 1
| #define HAVE_ERRNO_H 1
| #define HAVE_FCNTL_H 1
| #define HAVE_LIMITS_H 1
| #define HAVE_LINUX_SERIAL_H 1
| #define HAVE_NETDB_H 1
| #define HAVE_NETINET_IN_H 1
| #define HAVE_NETINET_TCP_H 1
| #define HAVE_SYS_IOCTL_H 1
| /* end confdefs.h.  */
| #include <sys/params.h>
configure:13401: result: no
configure:13401: checking for sys/params.h
configure:13401: result: no
configure:13401: checking sys/socket.h usability
configure:13401: arm-linux-gnueabihf-gcc -c -g -O2  conftest.c >&5
configure:13401: $? = 0
configure:13401: result: yes
configure:13401: checking sys/socket.h presence
configure:13401: arm-linux-gnueabihf-gcc -E  conftest.c
configure:13401: $? = 0
configure:13401: result: yes
configure:13401: checking for sys/socket.h
configure:13401: result: yes
configure:13401: checking sys/time.h usability
configure:13401: arm-linux-gnueabihf-gcc -c -g -O2  conftest.c >&5
configure:13401: $? = 0
configure:13401: result: yes
configure:13401: checking sys/time.h presence
configure:13401: arm-linux-gnueabihf-gcc -E  conftest.c
configure:13401: $? = 0
configure:13401: result: yes
configure:13401: checking for sys/time.h
configure:13401: result: yes
configure:13401: checking for sys/types.h
configure:13401: result: yes
configure:13401: checking termios.h usability
configure:13401: arm-linux-gnueabihf-gcc -c -g -O2  conftest.c >&5
configure:13401: $? = 0
configure:13401: result: yes
configure:13401: checking termios.h presence
configure:13401: arm-linux-gnueabihf-gcc -E  conftest.c
configure:13401: $? = 0
configure:13401: result: yes
configure:13401: checking for termios.h
configure:13401: result: yes
configure:13401: checking time.h usability
configure:13401: arm-linux-gnueabihf-gcc -c -g -O2  conftest.c >&5
configure:13401: $? = 0
configure:13401: result: yes
configure:13401: checking time.h presence
configure:13401: arm-linux-gnueabihf-gcc -E  conftest.c
configure:13401: $? = 0
configure:13401: result: yes
configure:13401: checking for time.h
configure:13401: result: yes
configure:13401: checking for unistd.h
configure:13401: result: yes
configure:13430: checking for asciidoc
configure:13458: result: no
configure:13468: checking for xmlto
configure:13496: result: no
configure:13509: checking whether to build documentation
configure:13511: result: no
configure:13514: WARNING: The tools to build the documentation aren't installed
configure:13529: checking whether __CYGWIN__ is declared
configure:13529: arm-linux-gnueabihf-gcc -c -g -O2  conftest.c >&5
conftest.c: In function 'main':
conftest.c:85:10: error: '__CYGWIN__' undeclared (first use in this function)
   (void) __CYGWIN__;
          ^~~~~~~~~~
conftest.c:85:10: note: each undeclared identifier is reported only once for each function it appears in
configure:13529: $? = 1
configure: failed program was:
| /* confdefs.h */
| #define PACKAGE_NAME "libmodbus"
| #define PACKAGE_TARNAME "libmodbus"
| #define PACKAGE_VERSION "3.1.6"
| #define PACKAGE_STRING "libmodbus 3.1.6"
| #define PACKAGE_BUGREPORT "https://github.com/stephane/libmodbus/issues"
| #define PACKAGE_URL "http://libmodbus.org/"
| #define PACKAGE "libmodbus"
| #define VERSION "3.1.6"
| #define STDC_HEADERS 1
| #define HAVE_SYS_TYPES_H 1
| #define HAVE_SYS_STAT_H 1
| #define HAVE_STDLIB_H 1
| #define HAVE_STRING_H 1
| #define HAVE_MEMORY_H 1
| #define HAVE_STRINGS_H 1
| #define HAVE_INTTYPES_H 1
| #define HAVE_STDINT_H 1
| #define HAVE_UNISTD_H 1
| #define __EXTENSIONS__ 1
| #define _ALL_SOURCE 1
| #define _GNU_SOURCE 1
| #define _POSIX_PTHREAD_SEMANTICS 1
| #define _TANDEM_SOURCE 1
| #define _FILE_OFFSET_BITS 64
| #define HAVE_DLFCN_H 1
| #define LT_OBJDIR ".libs/"
| #define HAVE_ARPA_INET_H 1
| #define HAVE_BYTESWAP_H 1
| #define HAVE_ERRNO_H 1
| #define HAVE_FCNTL_H 1
| #define HAVE_LIMITS_H 1
| #define HAVE_LINUX_SERIAL_H 1
| #define HAVE_NETDB_H 1
| #define HAVE_NETINET_IN_H 1
| #define HAVE_NETINET_TCP_H 1
| #define HAVE_SYS_IOCTL_H 1
| #define HAVE_SYS_SOCKET_H 1
| #define HAVE_SYS_TIME_H 1
| #define HAVE_SYS_TYPES_H 1
| #define HAVE_TERMIOS_H 1
| #define HAVE_TIME_H 1
| #define HAVE_UNISTD_H 1
| /* end confdefs.h.  */
| #include <stdio.h>
| #ifdef HAVE_SYS_TYPES_H
| # include <sys/types.h>
| #endif
| #ifdef HAVE_SYS_STAT_H
| # include <sys/stat.h>
| #endif
| #ifdef STDC_HEADERS
| # include <stdlib.h>
| # include <stddef.h>
| #else
| # ifdef HAVE_STDLIB_H
| #  include <stdlib.h>
| # endif
| #endif
| #ifdef HAVE_STRING_H
| # if !defined STDC_HEADERS && defined HAVE_MEMORY_H
| #  include <memory.h>
| # endif
| # include <string.h>
| #endif
| #ifdef HAVE_STRINGS_H
| # include <strings.h>
| #endif
| #ifdef HAVE_INTTYPES_H
| # include <inttypes.h>
| #endif
| #ifdef HAVE_STDINT_H
| # include <stdint.h>
| #endif
| #ifdef HAVE_UNISTD_H
| # include <unistd.h>
| #endif
| int
| main ()
| {
| #ifndef __CYGWIN__
| #ifdef __cplusplus
|   (void) __CYGWIN__;
| #else
|   (void) __CYGWIN__;
| #endif
| #endif
| 
|   ;
|   return 0;
| }
configure:13529: result: no
configure:13545: checking for accept4
configure:13545: arm-linux-gnueabihf-gcc -o conftest -g -O2   conftest.c  >&5
configure:13545: $? = 0
configure:13545: result: yes
configure:13545: checking for getaddrinfo
configure:13545: arm-linux-gnueabihf-gcc -o conftest -g -O2   conftest.c  >&5
configure:13545: $? = 0
configure:13545: result: yes
configure:13545: checking for gettimeofday
configure:13545: arm-linux-gnueabihf-gcc -o conftest -g -O2   conftest.c  >&5
configure:13545: $? = 0
configure:13545: result: yes
configure:13545: checking for inet_ntoa
configure:13545: arm-linux-gnueabihf-gcc -o conftest -g -O2   conftest.c  >&5
configure:13545: $? = 0
configure:13545: result: yes
configure:13545: checking for select
configure:13545: arm-linux-gnueabihf-gcc -o conftest -g -O2   conftest.c  >&5
configure:13545: $? = 0
configure:13545: result: yes
configure:13545: checking for socket
configure:13545: arm-linux-gnueabihf-gcc -o conftest -g -O2   conftest.c  >&5
configure:13545: $? = 0
configure:13545: result: yes
configure:13545: checking for strerror
configure:13545: arm-linux-gnueabihf-gcc -o conftest -g -O2   conftest.c  >&5
configure:13545: $? = 0
configure:13545: result: yes
configure:13545: checking for strlcpy
configure:13545: arm-linux-gnueabihf-gcc -o conftest -g -O2   conftest.c  >&5
/tmp/cchF2xRh.o: In function `main':
/mnt/hgfs/core/src/lib/libmodbus/conftest.c:87: undefined reference to `strlcpy'
collect2: error: ld returned 1 exit status
configure:13545: $? = 1
configure: failed program was:
| /* confdefs.h */
| #define PACKAGE_NAME "libmodbus"
| #define PACKAGE_TARNAME "libmodbus"
| #define PACKAGE_VERSION "3.1.6"
| #define PACKAGE_STRING "libmodbus 3.1.6"
| #define PACKAGE_BUGREPORT "https://github.com/stephane/libmodbus/issues"
| #define PACKAGE_URL "http://libmodbus.org/"
| #define PACKAGE "libmodbus"
| #define VERSION "3.1.6"
| #define STDC_HEADERS 1
| #define HAVE_SYS_TYPES_H 1
| #define HAVE_SYS_STAT_H 1
| #define HAVE_STDLIB_H 1
| #define HAVE_STRING_H 1
| #define HAVE_MEMORY_H 1
| #define HAVE_STRINGS_H 1
| #define HAVE_INTTYPES_H 1
| #define HAVE_STDINT_H 1
| #define HAVE_UNISTD_H 1
| #define __EXTENSIONS__ 1
| #define _ALL_SOURCE 1
| #define _GNU_SOURCE 1
| #define _POSIX_PTHREAD_SEMANTICS 1
| #define _TANDEM_SOURCE 1
| #define _FILE_OFFSET_BITS 64
| #define HAVE_DLFCN_H 1
| #define LT_OBJDIR ".libs/"
| #define HAVE_ARPA_INET_H 1
| #define HAVE_BYTESWAP_H 1
| #define HAVE_ERRNO_H 1
| #define HAVE_FCNTL_H 1
| #define HAVE_LIMITS_H 1
| #define HAVE_LINUX_SERIAL_H 1
| #define HAVE_NETDB_H 1
| #define HAVE_NETINET_IN_H 1
| #define HAVE_NETINET_TCP_H 1
| #define HAVE_SYS_IOCTL_H 1
| #define HAVE_SYS_SOCKET_H 1
| #define HAVE_SYS_TIME_H 1
| #define HAVE_SYS_TYPES_H 1
| #define HAVE_TERMIOS_H 1
| #define HAVE_TIME_H 1
| #define HAVE_UNISTD_H 1
| #define HAVE_DECL___CYGWIN__ 0
| #define HAVE_ACCEPT4 1
| #define HAVE_GETADDRINFO 1
| #define HAVE_GETTIMEOFDAY 1
| #define HAVE_INET_NTOA 1
| #define HAVE_SELECT 1
| #define HAVE_SOCKET 1
| #define HAVE_STRERROR 1
| /* end confdefs.h.  */
| /* Define strlcpy to an innocuous variant, in case <limits.h> declares strlcpy.
|    For example, HP-UX 11i <limits.h> declares gettimeofday.  */
| #define strlcpy innocuous_strlcpy
| 
| /* System header to define __stub macros and hopefully few prototypes,
|     which can conflict with char strlcpy (); below.
|     Prefer <limits.h> to <assert.h> if __STDC__ is defined, since
|     <limits.h> exists even on freestanding compilers.  */
| 
| #ifdef __STDC__
| # include <limits.h>
| #else
| # include <assert.h>
| #endif
| 
| #undef strlcpy
| 
| /* Override any GCC internal prototype to avoid an error.
|    Use char because int might match the return type of a GCC
|    builtin and then its argument prototype would still apply.  */
| #ifdef __cplusplus
| extern "C"
| #endif
| char strlcpy ();
| /* The GNU C library defines this for functions which it implements
|     to always fail with ENOSYS.  Some functions are actually named
|     something starting with __ and the normal name is an alias.  */
| #if defined __stub_strlcpy || defined __stub___strlcpy
| choke me
| #endif
| 
| int
| main ()
| {
| return strlcpy ();
|   ;
|   return 0;
| }
configure:13545: result: no
configure:13561: checking for inline
configure:13577: arm-linux-gnueabihf-gcc -c -g -O2  conftest.c >&5
configure:13577: $? = 0
configure:13585: result: inline
configure:13619: checking for arm-linux-gnueabihf-g++
configure:13635: found /home/work/tools/gcc-linaro-6.2.1-2016.11-x86_64_arm-linux-gnueabihf/bin/arm-linux-gnueabihf-g++
configure:13646: result: arm-linux-gnueabihf-g++
configure:13717: checking for C++ compiler version
configure:13726: arm-linux-gnueabihf-g++ --version >&5
arm-linux-gnueabihf-g++ (Linaro GCC 6.2-2016.11) 6.2.1 20161016
Copyright (C) 2016 Free Software Foundation, Inc.
This is free software; see the source for copying conditions.  There is NO
warranty; not even for MERCHANTABILITY or FITNESS FOR A PARTICULAR PURPOSE.

configure:13737: $? = 0
configure:13726: arm-linux-gnueabihf-g++ -v >&5
Using built-in specs.
COLLECT_GCC=arm-linux-gnueabihf-g++
COLLECT_LTO_WRAPPER=/home/work/tools/gcc-linaro-6.2.1-2016.11-x86_64_arm-linux-gnueabihf/bin/../libexec/gcc/arm-linux-gnueabihf/6.2.1/lto-wrapper
Target: arm-linux-gnueabihf
Configured with: /home/tcwg-buildslave/workspace/tcwg-make-release/label/docker-trusty-amd64-tcwg-build/target/arm-linux-gnueabihf/snapshots/gcc-linaro-6.2-2016.11/configure SHELL=/bin/bash --with-mpc=/home/tcwg-buildslave/workspace/tcwg-make-release/label/docker-trusty-amd64-tcwg-build/target/arm-linux-gnueabihf/_build/builds/destdir/x86_64-unknown-linux-gnu --with-mpfr=/home/tcwg-buildslave/workspace/tcwg-make-release/label/docker-trusty-amd64-tcwg-build/target/arm-linux-gnueabihf/_build/builds/destdir/x86_64-unknown-linux-gnu --with-gmp=/home/tcwg-buildslave/workspace/tcwg-make-release/label/docker-trusty-amd64-tcwg-build/target/arm-linux-gnueabihf/_build/builds/destdir/x86_64-unknown-linux-gnu --with-gnu-as --with-gnu-ld --disable-libstdcxx-pch --disable-libmudflap --with-cloog=no --with-ppl=no --with-isl=no --disable-nls --enable-c99 --enable-gnu-indirect-function --disable-multilib --with-tune=cortex-a9 --with-arch=armv7-a --with-fpu=vfpv3-d16 --with-float=hard --with-mode=thumb --enable-multiarch --with-build-sysroot=/home/tcwg-buildslave/workspace/tcwg-make-release/label/docker-trusty-amd64-tcwg-build/target/arm-linux-gnueabihf/_build/sysroots/arm-linux-gnueabihf --enable-lto --enable-linker-build-id --enable-long-long --enable-shared --with-sysroot=/home/tcwg-buildslave/workspace/tcwg-make-release/label/docker-trusty-amd64-tcwg-build/target/arm-linux-gnueabihf/_build/builds/destdir/x86_64-unknown-linux-gnu/arm-linux-gnueabihf/libc --enable-languages=c,c++,fortran,lto --enable-checking=release --disable-bootstrap --build=x86_64-unknown-linux-gnu --host=x86_64-unknown-linux-gnu --target=arm-linux-gnueabihf --prefix=/home/tcwg-buildslave/workspace/tcwg-make-release/label/docker-trusty-amd64-tcwg-build/target/arm-linux-gnueabihf/_build/builds/destdir/x86_64-unknown-linux-gnu
Thread model: posix
gcc version 6.2.1 20161016 (Linaro GCC 6.2-2016.11) 
configure:13737: $? = 0
configure:13726: arm-linux-gnueabihf-g++ -V >&5
arm-linux-gnueabihf-g++: error: unrecognized command line option '-V'
arm-linux-gnueabihf-g++: fatal error: no input files
compilation terminated.
configure:13737: $? = 1
configure:13726: arm-linux-gnueabihf-g++ -qversion >&5
arm-linux-gnueabihf-g++: error: unrecognized command line option '-qversion'; did you mean '--version'?
arm-linux-gnueabihf-g++: fatal error: no input files
compilation terminated.
configure:13737: $? = 1
configure:13741: checking whether we are using the GNU C++ compiler
configure:13760: arm-linux-gnueabihf-g++ -c   conftest.cpp >&5
configure:13760: $? = 0
configure:13769: result: yes
configure:13778: checking whether arm-linux-gnueabihf-g++ accepts -g
configure:13798: arm-linux-gnueabihf-g++ -c -g  conftest.cpp >&5
configure:13798: $? = 0
configure:13839: result: yes
configure:13864: checking dependency style of arm-linux-gnueabihf-g++
configure:13975: result: gcc3
configure:14008: checking how to run the C++ preprocessor
configure:14035: arm-linux-gnueabihf-g++ -E  conftest.cpp
configure:14035: $? = 0
configure:14049: arm-linux-gnueabihf-g++ -E  conftest.cpp
conftest.cpp:54:28: fatal error: ac_nonexistent.h: No such file or directory
 #include <ac_nonexistent.h>
                            ^
compilation terminated.
configure:14049: $? = 1
configure: failed program was:
| /* confdefs.h */
| #define PACKAGE_NAME "libmodbus"
| #define PACKAGE_TARNAME "libmodbus"
| #define PACKAGE_VERSION "3.1.6"
| #define PACKAGE_STRING "libmodbus 3.1.6"
| #define PACKAGE_BUGREPORT "https://github.com/stephane/libmodbus/issues"
| #define PACKAGE_URL "http://libmodbus.org/"
| #define PACKAGE "libmodbus"
| #define VERSION "3.1.6"
| #define STDC_HEADERS 1
| #define HAVE_SYS_TYPES_H 1
| #define HAVE_SYS_STAT_H 1
| #define HAVE_STDLIB_H 1
| #define HAVE_STRING_H 1
| #define HAVE_MEMORY_H 1
| #define HAVE_STRINGS_H 1
| #define HAVE_INTTYPES_H 1
| #define HAVE_STDINT_H 1
| #define HAVE_UNISTD_H 1
| #define __EXTENSIONS__ 1
| #define _ALL_SOURCE 1
| #define _GNU_SOURCE 1
| #define _POSIX_PTHREAD_SEMANTICS 1
| #define _TANDEM_SOURCE 1
| #define _FILE_OFFSET_BITS 64
| #define HAVE_DLFCN_H 1
| #define LT_OBJDIR ".libs/"
| #define HAVE_ARPA_INET_H 1
| #define HAVE_BYTESWAP_H 1
| #define HAVE_ERRNO_H 1
| #define HAVE_FCNTL_H 1
| #define HAVE_LIMITS_H 1
| #define HAVE_LINUX_SERIAL_H 1
| #define HAVE_NETDB_H 1
| #define HAVE_NETINET_IN_H 1
| #define HAVE_NETINET_TCP_H 1
| #define HAVE_SYS_IOCTL_H 1
| #define HAVE_SYS_SOCKET_H 1
| #define HAVE_SYS_TIME_H 1
| #define HAVE_SYS_TYPES_H 1
| #define HAVE_TERMIOS_H 1
| #define HAVE_TIME_H 1
| #define HAVE_UNISTD_H 1
| #define HAVE_DECL___CYGWIN__ 0
| #define HAVE_ACCEPT4 1
| #define HAVE_GETADDRINFO 1
| #define HAVE_GETTIMEOFDAY 1
| #define HAVE_INET_NTOA 1
| #define HAVE_SELECT 1
| #define HAVE_SOCKET 1
| #define HAVE_STRERROR 1
| #define WINVER 0x0501
| /* end confdefs.h.  */
| #include <ac_nonexistent.h>
configure:14074: result: arm-linux-gnueabihf-g++ -E
configure:14094: arm-linux-gnueabihf-g++ -E  conftest.cpp
configure:14094: $? = 0
configure:14108: arm-linux-gnueabihf-g++ -E  conftest.cpp
conftest.cpp:54:28: fatal error: ac_nonexistent.h: No such file or directory
 #include <ac_nonexistent.h>
                            ^
compilation terminated.
configure:14108: $? = 1
configure: failed program was:
| /* confdefs.h */
| #define PACKAGE_NAME "libmodbus"
| #define PACKAGE_TARNAME "libmodbus"
| #define PACKAGE_VERSION "3.1.6"
| #define PACKAGE_STRING "libmodbus 3.1.6"
| #define PACKAGE_BUGREPORT "https://github.com/stephane/libmodbus/issues"
| #define PACKAGE_URL "http://libmodbus.org/"
| #define PACKAGE "libmodbus"
| #define VERSION "3.1.6"
| #define STDC_HEADERS 1
| #define HAVE_SYS_TYPES_H 1
| #define HAVE_SYS_STAT_H 1
| #define HAVE_STDLIB_H 1
| #define HAVE_STRING_H 1
| #define HAVE_MEMORY_H 1
| #define HAVE_STRINGS_H 1
| #define HAVE_INTTYPES_H 1
| #define HAVE_STDINT_H 1
| #define HAVE_UNISTD_H 1
| #define __EXTENSIONS__ 1
| #define _ALL_SOURCE 1
| #define _GNU_SOURCE 1
| #define _POSIX_PTHREAD_SEMANTICS 1
| #define _TANDEM_SOURCE 1
| #define _FILE_OFFSET_BITS 64
| #define HAVE_DLFCN_H 1
| #define LT_OBJDIR ".libs/"
| #define HAVE_ARPA_INET_H 1
| #define HAVE_BYTESWAP_H 1
| #define HAVE_ERRNO_H 1
| #define HAVE_FCNTL_H 1
| #define HAVE_LIMITS_H 1
| #define HAVE_LINUX_SERIAL_H 1
| #define HAVE_NETDB_H 1
| #define HAVE_NETINET_IN_H 1
| #define HAVE_NETINET_TCP_H 1
| #define HAVE_SYS_IOCTL_H 1
| #define HAVE_SYS_SOCKET_H 1
| #define HAVE_SYS_TIME_H 1
| #define HAVE_SYS_TYPES_H 1
| #define HAVE_TERMIOS_H 1
| #define HAVE_TIME_H 1
| #define HAVE_UNISTD_H 1
| #define HAVE_DECL___CYGWIN__ 0
| #define HAVE_ACCEPT4 1
| #define HAVE_GETADDRINFO 1
| #define HAVE_GETTIMEOFDAY 1
| #define HAVE_INET_NTOA 1
| #define HAVE_SELECT 1
| #define HAVE_SOCKET 1
| #define HAVE_STRERROR 1
| #define WINVER 0x0501
| /* end confdefs.h.  */
| #include <ac_nonexistent.h>
configure:14270: checking for ld used by arm-linux-gnueabihf-g++
configure:14337: result: /home/work/tools/gcc-linaro-6.2.1-2016.11-x86_64_arm-linux-gnueabihf/arm-linux-gnueabihf/bin/ld
configure:14344: checking if the linker (/home/work/tools/gcc-linaro-6.2.1-2016.11-x86_64_arm-linux-gnueabihf/arm-linux-gnueabihf/bin/ld) is GNU ld
configure:14359: result: yes
configure:14414: checking whether the arm-linux-gnueabihf-g++ linker (/home/work/tools/gcc-linaro-6.2.1-2016.11-x86_64_arm-linux-gnueabihf/arm-linux-gnueabihf/bin/ld) supports shared libraries
configure:15488: result: yes
configure:15524: arm-linux-gnueabihf-g++ -c -g -O2  conftest.cpp >&5
configure:15527: $? = 0
configure:16008: checking for arm-linux-gnueabihf-g++ option to produce PIC
configure:16023: checking if arm-linux-gnueabihf-g++ PIC flag -fPIC -DPIC works
configure:16041: arm-linux-gnueabihf-g++ -c -g -O2  -fPIC -DPIC -DPIC conftest.cpp >&5
configure:16045: $? = 0
configure:16058: result: yes
configure:16081: checking if arm-linux-gnueabihf-g++ static flag -static works
configure:16109: result: yes
configure:16121: checking if arm-linux-gnueabihf-g++ supports -c -o file.o
configure:16142: arm-linux-gnueabihf-g++ -c -g -O2  -o out/conftest2.o conftest.cpp >&5
configure:16146: $? = 0
configure:16168: result: yes
configure:16173: checking if arm-linux-gnueabihf-g++ supports -c -o file.o
configure:16220: result: yes
configure:16250: checking whether the arm-linux-gnueabihf-g++ linker (/home/work/tools/gcc-linaro-6.2.1-2016.11-x86_64_arm-linux-gnueabihf/arm-linux-gnueabihf/bin/ld) supports shared libraries
configure:16290: result: yes
configure:16431: checking dynamic linker characteristics
configure:17176: result: GNU/Linux ld.so
configure:17241: checking how to hardcode library paths into programs
configure:17266: result: immediate
configure:17308: checking for int64_t
configure:17308: arm-linux-gnueabihf-gcc -c -g -O2  conftest.c >&5
configure:17308: $? = 0
configure:17308: arm-linux-gnueabihf-gcc -c -g -O2  conftest.c >&5
conftest.c: In function 'main':
conftest.c:92:53: warning: integer overflow in expression [-Woverflow]
    < (int64_t) (((((int64_t) 1 << N) << N) - 1) * 2 + 2))];
                                                     ^
conftest.c:91:12: error: storage size of 'test_array' isn't constant
 static int test_array [1 - 2 * !((int64_t) (((((int64_t) 1 << N) << N) - 1) * 2 + 1)
            ^~~~~~~~~~
configure:17308: $? = 1
configure: failed program was:
| /* confdefs.h */
| #define PACKAGE_NAME "libmodbus"
| #define PACKAGE_TARNAME "libmodbus"
| #define PACKAGE_VERSION "3.1.6"
| #define PACKAGE_STRING "libmodbus 3.1.6"
| #define PACKAGE_BUGREPORT "https://github.com/stephane/libmodbus/issues"
| #define PACKAGE_URL "http://libmodbus.org/"
| #define PACKAGE "libmodbus"
| #define VERSION "3.1.6"
| #define STDC_HEADERS 1
| #define HAVE_SYS_TYPES_H 1
| #define HAVE_SYS_STAT_H 1
| #define HAVE_STDLIB_H 1
| #define HAVE_STRING_H 1
| #define HAVE_MEMORY_H 1
| #define HAVE_STRINGS_H 1
| #define HAVE_INTTYPES_H 1
| #define HAVE_STDINT_H 1
| #define HAVE_UNISTD_H 1
| #define __EXTENSIONS__ 1
| #define _ALL_SOURCE 1
| #define _GNU_SOURCE 1
| #define _POSIX_PTHREAD_SEMANTICS 1
| #define _TANDEM_SOURCE 1
| #define _FILE_OFFSET_BITS 64
| #define HAVE_DLFCN_H 1
| #define LT_OBJDIR ".libs/"
| #define HAVE_ARPA_INET_H 1
| #define HAVE_BYTESWAP_H 1
| #define HAVE_ERRNO_H 1
| #define HAVE_FCNTL_H 1
| #define HAVE_LIMITS_H 1
| #define HAVE_LINUX_SERIAL_H 1
| #define HAVE_NETDB_H 1
| #define HAVE_NETINET_IN_H 1
| #define HAVE_NETINET_TCP_H 1
| #define HAVE_SYS_IOCTL_H 1
| #define HAVE_SYS_SOCKET_H 1
| #define HAVE_SYS_TIME_H 1
| #define HAVE_SYS_TYPES_H 1
| #define HAVE_TERMIOS_H 1
| #define HAVE_TIME_H 1
| #define HAVE_UNISTD_H 1
| #define HAVE_DECL___CYGWIN__ 0
| #define HAVE_ACCEPT4 1
| #define HAVE_GETADDRINFO 1
| #define HAVE_GETTIMEOFDAY 1
| #define HAVE_INET_NTOA 1
| #define HAVE_SELECT 1
| #define HAVE_SOCKET 1
| #define HAVE_STRERROR 1
| #define WINVER 0x0501
| /* end confdefs.h.  */
| #include <stdio.h>
| #ifdef HAVE_SYS_TYPES_H
| # include <sys/types.h>
| #endif
| #ifdef HAVE_SYS_STAT_H
| # include <sys/stat.h>
| #endif
| #ifdef STDC_HEADERS
| # include <stdlib.h>
| # include <stddef.h>
| #else
| # ifdef HAVE_STDLIB_H
| #  include <stdlib.h>
| # endif
| #endif
| #ifdef HAVE_STRING_H
| # if !defined STDC_HEADERS && defined HAVE_MEMORY_H
| #  include <memory.h>
| # endif
| # include <string.h>
| #endif
| #ifdef HAVE_STRINGS_H
| # include <strings.h>
| #endif
| #ifdef HAVE_INTTYPES_H
| # include <inttypes.h>
| #endif
| #ifdef HAVE_STDINT_H
| # include <stdint.h>
| #endif
| #ifdef HAVE_UNISTD_H
| # include <unistd.h>
| #endif
| 	        enum { N = 64 / 2 - 1 };
| int
| main ()
| {
| static int test_array [1 - 2 * !((int64_t) (((((int64_t) 1 << N) << N) - 1) * 2 + 1)
| 		 < (int64_t) (((((int64_t) 1 << N) << N) - 1) * 2 + 2))];
| test_array [0] = 0;
| return test_array [0];
| 
|   ;
|   return 0;
| }
configure:17308: result: yes
configure:17319: checking for size_t
configure:17319: arm-linux-gnueabihf-gcc -c -g -O2  conftest.c >&5
configure:17319: $? = 0
configure:17319: arm-linux-gnueabihf-gcc -c -g -O2  conftest.c >&5
conftest.c: In function 'main':
conftest.c:90:21: error: expected expression before ')' token
 if (sizeof ((size_t)))
                     ^
configure:17319: $? = 1
configure: failed program was:
| /* confdefs.h */
| #define PACKAGE_NAME "libmodbus"
| #define PACKAGE_TARNAME "libmodbus"
| #define PACKAGE_VERSION "3.1.6"
| #define PACKAGE_STRING "libmodbus 3.1.6"
| #define PACKAGE_BUGREPORT "https://github.com/stephane/libmodbus/issues"
| #define PACKAGE_URL "http://libmodbus.org/"
| #define PACKAGE "libmodbus"
| #define VERSION "3.1.6"
| #define STDC_HEADERS 1
| #define HAVE_SYS_TYPES_H 1
| #define HAVE_SYS_STAT_H 1
| #define HAVE_STDLIB_H 1
| #define HAVE_STRING_H 1
| #define HAVE_MEMORY_H 1
| #define HAVE_STRINGS_H 1
| #define HAVE_INTTYPES_H 1
| #define HAVE_STDINT_H 1
| #define HAVE_UNISTD_H 1
| #define __EXTENSIONS__ 1
| #define _ALL_SOURCE 1
| #define _GNU_SOURCE 1
| #define _POSIX_PTHREAD_SEMANTICS 1
| #define _TANDEM_SOURCE 1
| #define _FILE_OFFSET_BITS 64
| #define HAVE_DLFCN_H 1
| #define LT_OBJDIR ".libs/"
| #define HAVE_ARPA_INET_H 1
| #define HAVE_BYTESWAP_H 1
| #define HAVE_ERRNO_H 1
| #define HAVE_FCNTL_H 1
| #define HAVE_LIMITS_H 1
| #define HAVE_LINUX_SERIAL_H 1
| #define HAVE_NETDB_H 1
| #define HAVE_NETINET_IN_H 1
| #define HAVE_NETINET_TCP_H 1
| #define HAVE_SYS_IOCTL_H 1
| #define HAVE_SYS_SOCKET_H 1
| #define HAVE_SYS_TIME_H 1
| #define HAVE_SYS_TYPES_H 1
| #define HAVE_TERMIOS_H 1
| #define HAVE_TIME_H 1
| #define HAVE_UNISTD_H 1
| #define HAVE_DECL___CYGWIN__ 0
| #define HAVE_ACCEPT4 1
| #define HAVE_GETADDRINFO 1
| #define HAVE_GETTIMEOFDAY 1
| #define HAVE_INET_NTOA 1
| #define HAVE_SELECT 1
| #define HAVE_SOCKET 1
| #define HAVE_STRERROR 1
| #define WINVER 0x0501
| /* end confdefs.h.  */
| #include <stdio.h>
| #ifdef HAVE_SYS_TYPES_H
| # include <sys/types.h>
| #endif
| #ifdef HAVE_SYS_STAT_H
| # include <sys/stat.h>
| #endif
| #ifdef STDC_HEADERS
| # include <stdlib.h>
| # include <stddef.h>
| #else
| # ifdef HAVE_STDLIB_H
| #  include <stdlib.h>
| # endif
| #endif
| #ifdef HAVE_STRING_H
| # if !defined STDC_HEADERS && defined HAVE_MEMORY_H
| #  include <memory.h>
| # endif
| # include <string.h>
| #endif
| #ifdef HAVE_STRINGS_H
| # include <strings.h>
| #endif
| #ifdef HAVE_INTTYPES_H
| # include <inttypes.h>
| #endif
| #ifdef HAVE_STDINT_H
| # include <stdint.h>
| #endif
| #ifdef HAVE_UNISTD_H
| # include <unistd.h>
| #endif
| int
| main ()
| {
| if (sizeof ((size_t)))
| 	    return 0;
|   ;
|   return 0;
| }
configure:17319: result: yes
configure:17330: checking for ssize_t
configure:17330: arm-linux-gnueabihf-gcc -c -g -O2  conftest.c >&5
configure:17330: $? = 0
configure:17330: arm-linux-gnueabihf-gcc -c -g -O2  conftest.c >&5
conftest.c: In function 'main':
conftest.c:90:22: error: expected expression before ')' token
 if (sizeof ((ssize_t)))
                      ^
configure:17330: $? = 1
configure: failed program was:
| /* confdefs.h */
| #define PACKAGE_NAME "libmodbus"
| #define PACKAGE_TARNAME "libmodbus"
| #define PACKAGE_VERSION "3.1.6"
| #define PACKAGE_STRING "libmodbus 3.1.6"
| #define PACKAGE_BUGREPORT "https://github.com/stephane/libmodbus/issues"
| #define PACKAGE_URL "http://libmodbus.org/"
| #define PACKAGE "libmodbus"
| #define VERSION "3.1.6"
| #define STDC_HEADERS 1
| #define HAVE_SYS_TYPES_H 1
| #define HAVE_SYS_STAT_H 1
| #define HAVE_STDLIB_H 1
| #define HAVE_STRING_H 1
| #define HAVE_MEMORY_H 1
| #define HAVE_STRINGS_H 1
| #define HAVE_INTTYPES_H 1
| #define HAVE_STDINT_H 1
| #define HAVE_UNISTD_H 1
| #define __EXTENSIONS__ 1
| #define _ALL_SOURCE 1
| #define _GNU_SOURCE 1
| #define _POSIX_PTHREAD_SEMANTICS 1
| #define _TANDEM_SOURCE 1
| #define _FILE_OFFSET_BITS 64
| #define HAVE_DLFCN_H 1
| #define LT_OBJDIR ".libs/"
| #define HAVE_ARPA_INET_H 1
| #define HAVE_BYTESWAP_H 1
| #define HAVE_ERRNO_H 1
| #define HAVE_FCNTL_H 1
| #define HAVE_LIMITS_H 1
| #define HAVE_LINUX_SERIAL_H 1
| #define HAVE_NETDB_H 1
| #define HAVE_NETINET_IN_H 1
| #define HAVE_NETINET_TCP_H 1
| #define HAVE_SYS_IOCTL_H 1
| #define HAVE_SYS_SOCKET_H 1
| #define HAVE_SYS_TIME_H 1
| #define HAVE_SYS_TYPES_H 1
| #define HAVE_TERMIOS_H 1
| #define HAVE_TIME_H 1
| #define HAVE_UNISTD_H 1
| #define HAVE_DECL___CYGWIN__ 0
| #define HAVE_ACCEPT4 1
| #define HAVE_GETADDRINFO 1
| #define HAVE_GETTIMEOFDAY 1
| #define HAVE_INET_NTOA 1
| #define HAVE_SELECT 1
| #define HAVE_SOCKET 1
| #define HAVE_STRERROR 1
| #define WINVER 0x0501
| /* end confdefs.h.  */
| #include <stdio.h>
| #ifdef HAVE_SYS_TYPES_H
| # include <sys/types.h>
| #endif
| #ifdef HAVE_SYS_STAT_H
| # include <sys/stat.h>
| #endif
| #ifdef STDC_HEADERS
| # include <stdlib.h>
| # include <stddef.h>
| #else
| # ifdef HAVE_STDLIB_H
| #  include <stdlib.h>
| # endif
| #endif
| #ifdef HAVE_STRING_H
| # if !defined STDC_HEADERS && defined HAVE_MEMORY_H
| #  include <memory.h>
| # endif
| # include <string.h>
| #endif
| #ifdef HAVE_STRINGS_H
| # include <strings.h>
| #endif
| #ifdef HAVE_INTTYPES_H
| # include <inttypes.h>
| #endif
| #ifdef HAVE_STDINT_H
| # include <stdint.h>
| #endif
| #ifdef HAVE_UNISTD_H
| # include <unistd.h>
| #endif
| int
| main ()
| {
| if (sizeof ((ssize_t)))
| 	    return 0;
|   ;
|   return 0;
| }
configure:17330: result: yes
configure:17341: checking for uint16_t
configure:17341: arm-linux-gnueabihf-gcc -c -g -O2  conftest.c >&5
configure:17341: $? = 0
configure:17341: result: yes
configure:17353: checking for uint32_t
configure:17353: arm-linux-gnueabihf-gcc -c -g -O2  conftest.c >&5
configure:17353: $? = 0
configure:17353: result: yes
configure:17367: checking for uint8_t
configure:17367: arm-linux-gnueabihf-gcc -c -g -O2  conftest.c >&5
configure:17367: $? = 0
configure:17367: result: yes
configure:17386: checking winsock2.h usability
configure:17386: arm-linux-gnueabihf-gcc -c -g -O2  conftest.c >&5
conftest.c:87:22: fatal error: winsock2.h: No such file or directory
 #include <winsock2.h>
                      ^
compilation terminated.
configure:17386: $? = 1
configure: failed program was:
| /* confdefs.h */
| #define PACKAGE_NAME "libmodbus"
| #define PACKAGE_TARNAME "libmodbus"
| #define PACKAGE_VERSION "3.1.6"
| #define PACKAGE_STRING "libmodbus 3.1.6"
| #define PACKAGE_BUGREPORT "https://github.com/stephane/libmodbus/issues"
| #define PACKAGE_URL "http://libmodbus.org/"
| #define PACKAGE "libmodbus"
| #define VERSION "3.1.6"
| #define STDC_HEADERS 1
| #define HAVE_SYS_TYPES_H 1
| #define HAVE_SYS_STAT_H 1
| #define HAVE_STDLIB_H 1
| #define HAVE_STRING_H 1
| #define HAVE_MEMORY_H 1
| #define HAVE_STRINGS_H 1
| #define HAVE_INTTYPES_H 1
| #define HAVE_STDINT_H 1
| #define HAVE_UNISTD_H 1
| #define __EXTENSIONS__ 1
| #define _ALL_SOURCE 1
| #define _GNU_SOURCE 1
| #define _POSIX_PTHREAD_SEMANTICS 1
| #define _TANDEM_SOURCE 1
| #define _FILE_OFFSET_BITS 64
| #define HAVE_DLFCN_H 1
| #define LT_OBJDIR ".libs/"
| #define HAVE_ARPA_INET_H 1
| #define HAVE_BYTESWAP_H 1
| #define HAVE_ERRNO_H 1
| #define HAVE_FCNTL_H 1
| #define HAVE_LIMITS_H 1
| #define HAVE_LINUX_SERIAL_H 1
| #define HAVE_NETDB_H 1
| #define HAVE_NETINET_IN_H 1
| #define HAVE_NETINET_TCP_H 1
| #define HAVE_SYS_IOCTL_H 1
| #define HAVE_SYS_SOCKET_H 1
| #define HAVE_SYS_TIME_H 1
| #define HAVE_SYS_TYPES_H 1
| #define HAVE_TERMIOS_H 1
| #define HAVE_TIME_H 1
| #define HAVE_UNISTD_H 1
| #define HAVE_DECL___CYGWIN__ 0
| #define HAVE_ACCEPT4 1
| #define HAVE_GETADDRINFO 1
| #define HAVE_GETTIMEOFDAY 1
| #define HAVE_INET_NTOA 1
| #define HAVE_SELECT 1
| #define HAVE_SOCKET 1
| #define HAVE_STRERROR 1
| #define WINVER 0x0501
| /* end confdefs.h.  */
| #include <stdio.h>
| #ifdef HAVE_SYS_TYPES_H
| # include <sys/types.h>
| #endif
| #ifdef HAVE_SYS_STAT_H
| # include <sys/stat.h>
| #endif
| #ifdef STDC_HEADERS
| # include <stdlib.h>
| # include <stddef.h>
| #else
| # ifdef HAVE_STDLIB_H
| #  include <stdlib.h>
| # endif
| #endif
| #ifdef HAVE_STRING_H
| # if !defined STDC_HEADERS && defined HAVE_MEMORY_H
| #  include <memory.h>
| # endif
| # include <string.h>
| #endif
| #ifdef HAVE_STRINGS_H
| # include <strings.h>
| #endif
| #ifdef HAVE_INTTYPES_H
| # include <inttypes.h>
| #endif
| #ifdef HAVE_STDINT_H
| # include <stdint.h>
| #endif
| #ifdef HAVE_UNISTD_H
| # include <unistd.h>
| #endif
| #include <winsock2.h>
configure:17386: result: no
configure:17386: checking winsock2.h presence
configure:17386: arm-linux-gnueabihf-gcc -E  conftest.c
conftest.c:54:22: fatal error: winsock2.h: No such file or directory
 #include <winsock2.h>
                      ^
compilation terminated.
configure:17386: $? = 1
configure: failed program was:
| /* confdefs.h */
| #define PACKAGE_NAME "libmodbus"
| #define PACKAGE_TARNAME "libmodbus"
| #define PACKAGE_VERSION "3.1.6"
| #define PACKAGE_STRING "libmodbus 3.1.6"
| #define PACKAGE_BUGREPORT "https://github.com/stephane/libmodbus/issues"
| #define PACKAGE_URL "http://libmodbus.org/"
| #define PACKAGE "libmodbus"
| #define VERSION "3.1.6"
| #define STDC_HEADERS 1
| #define HAVE_SYS_TYPES_H 1
| #define HAVE_SYS_STAT_H 1
| #define HAVE_STDLIB_H 1
| #define HAVE_STRING_H 1
| #define HAVE_MEMORY_H 1
| #define HAVE_STRINGS_H 1
| #define HAVE_INTTYPES_H 1
| #define HAVE_STDINT_H 1
| #define HAVE_UNISTD_H 1
| #define __EXTENSIONS__ 1
| #define _ALL_SOURCE 1
| #define _GNU_SOURCE 1
| #define _POSIX_PTHREAD_SEMANTICS 1
| #define _TANDEM_SOURCE 1
| #define _FILE_OFFSET_BITS 64
| #define HAVE_DLFCN_H 1
| #define LT_OBJDIR ".libs/"
| #define HAVE_ARPA_INET_H 1
| #define HAVE_BYTESWAP_H 1
| #define HAVE_ERRNO_H 1
| #define HAVE_FCNTL_H 1
| #define HAVE_LIMITS_H 1
| #define HAVE_LINUX_SERIAL_H 1
| #define HAVE_NETDB_H 1
| #define HAVE_NETINET_IN_H 1
| #define HAVE_NETINET_TCP_H 1
| #define HAVE_SYS_IOCTL_H 1
| #define HAVE_SYS_SOCKET_H 1
| #define HAVE_SYS_TIME_H 1
| #define HAVE_SYS_TYPES_H 1
| #define HAVE_TERMIOS_H 1
| #define HAVE_TIME_H 1
| #define HAVE_UNISTD_H 1
| #define HAVE_DECL___CYGWIN__ 0
| #define HAVE_ACCEPT4 1
| #define HAVE_GETADDRINFO 1
| #define HAVE_GETTIMEOFDAY 1
| #define HAVE_INET_NTOA 1
| #define HAVE_SELECT 1
| #define HAVE_SOCKET 1
| #define HAVE_STRERROR 1
| #define WINVER 0x0501
| /* end confdefs.h.  */
| #include <winsock2.h>
configure:17386: result: no
configure:17386: checking for winsock2.h
configure:17386: result: no
configure:17403: checking whether TIOCSRS485 is declared
configure:17403: arm-linux-gnueabihf-gcc -c -g -O2  conftest.c >&5
configure:17403: $? = 0
configure:17403: result: yes
configure:17416: checking whether TIOCM_RTS is declared
configure:17416: arm-linux-gnueabihf-gcc -c -g -O2  conftest.c >&5
configure:17416: $? = 0
configure:17416: result: yes
configure:17569: checking that generated files are newer than configure
configure:17575: result: done
configure:17618: creating ./config.status

## ---------------------- ##
## Running config.status. ##
## ---------------------- ##

This file was extended by libmodbus config.status 3.1.6, which was
generated by GNU Autoconf 2.69.  Invocation command line was

  CONFIG_FILES    = 
  CONFIG_HEADERS  = 
  CONFIG_LINKS    = 
  CONFIG_COMMANDS = 
  $ ./config.status 

on ubuntu

config.status:1208: creating Makefile
config.status:1208: creating src/Makefile
config.status:1208: creating src/modbus-version.h
config.status:1208: creating src/win32/modbus.dll.manifest
config.status:1208: creating tests/Makefile
config.status:1208: creating doc/Makefile
config.status:1208: creating libmodbus.pc
config.status:1208: creating config.h
config.status:1389: config.h is unchanged
config.status:1208: creating tests/unit-test.h
config.status:1389: tests/unit-test.h is unchanged
config.status:1437: executing depfiles commands
config.status:1437: executing libtool commands
configure:20057: result:
        libmodbus 3.1.6
        ===============

        prefix:                 /mnt/hgfs/core/src/lib/libmodbus/install
        sysconfdir:             ${prefix}/etc
        libdir:                 ${exec_prefix}/lib
        includedir:             ${prefix}/include

        compiler:               arm-linux-gnueabihf-gcc
        cflags:                 -g -O2
        ldflags:                

        documentation:          no
        tests:                  yes


## ---------------- ##
## Cache variables. ##
## ---------------- ##

ac_cv_build=x86_64-pc-linux-gnu
ac_cv_c_compiler_gnu=yes
ac_cv_c_inline=inline
ac_cv_c_int64_t=yes
ac_cv_c_uint16_t=yes
ac_cv_c_uint32_t=yes
ac_cv_c_uint8_t=yes
ac_cv_cxx_compiler_gnu=yes
ac_cv_env_CCC_set=
ac_cv_env_CCC_value=
ac_cv_env_CC_set=
ac_cv_env_CC_value=
ac_cv_env_CFLAGS_set=
ac_cv_env_CFLAGS_value=
ac_cv_env_CPPFLAGS_set=
ac_cv_env_CPPFLAGS_value=
ac_cv_env_CPP_set=
ac_cv_env_CPP_value=
ac_cv_env_CXXCPP_set=
ac_cv_env_CXXCPP_value=
ac_cv_env_CXXFLAGS_set=
ac_cv_env_CXXFLAGS_value=
ac_cv_env_CXX_set=
ac_cv_env_CXX_value=
ac_cv_env_LDFLAGS_set=
ac_cv_env_LDFLAGS_value=
ac_cv_env_LIBS_set=
ac_cv_env_LIBS_value=
ac_cv_env_LT_SYS_LIBRARY_PATH_set=
ac_cv_env_LT_SYS_LIBRARY_PATH_value=
ac_cv_env_build_alias_set=
ac_cv_env_build_alias_value=
ac_cv_env_host_alias_set=set
ac_cv_env_host_alias_value=arm-linux-gnueabihf
ac_cv_env_target_alias_set=
ac_cv_env_target_alias_value=
ac_cv_func_accept4=yes
ac_cv_func_getaddrinfo=yes
ac_cv_func_gettimeofday=yes
ac_cv_func_inet_ntoa=yes
ac_cv_func_select=yes
ac_cv_func_socket=yes
ac_cv_func_strerror=yes
ac_cv_func_strlcpy=no
ac_cv_have_decl_TIOCM_RTS=yes
ac_cv_have_decl_TIOCSRS485=yes
ac_cv_have_decl___CYGWIN__=no
ac_cv_header_arpa_inet_h=yes
ac_cv_header_byteswap_h=yes
ac_cv_header_dlfcn_h=yes
ac_cv_header_errno_h=yes
ac_cv_header_fcntl_h=yes
ac_cv_header_inttypes_h=yes
ac_cv_header_limits_h=yes
ac_cv_header_linux_serial_h=yes
ac_cv_header_memory_h=yes
ac_cv_header_minix_config_h=no
ac_cv_header_netdb_h=yes
ac_cv_header_netinet_in_h=yes
ac_cv_header_netinet_tcp_h=yes
ac_cv_header_stdc=yes
ac_cv_header_stdint_h=yes
ac_cv_header_stdlib_h=yes
ac_cv_header_string_h=yes
ac_cv_header_strings_h=yes
ac_cv_header_sys_ioctl_h=yes
ac_cv_header_sys_params_h=no
ac_cv_header_sys_socket_h=yes
ac_cv_header_sys_stat_h=yes
ac_cv_header_sys_time_h=yes
ac_cv_header_sys_types_h=yes
ac_cv_header_termios_h=yes
ac_cv_header_time_h=yes
ac_cv_header_unistd_h=yes
ac_cv_header_winsock2_h=no
ac_cv_host=arm-unknown-linux-gnueabihf
ac_cv_objext=o
ac_cv_path_EGREP='/bin/grep -E'
ac_cv_path_FGREP='/bin/grep -F'
ac_cv_path_GREP=/bin/grep
ac_cv_path_SED=/bin/sed
ac_cv_path_install='/usr/bin/install -c'
ac_cv_path_lt_DD=/bin/dd
ac_cv_path_mkdir=/bin/mkdir
ac_cv_prog_AR=arm-linux-gnueabihf-ar
ac_cv_prog_AWK=mawk
ac_cv_prog_CC=arm-linux-gnueabihf-gcc
ac_cv_prog_CPP='arm-linux-gnueabihf-gcc -E'
ac_cv_prog_CXX=arm-linux-gnueabihf-g++
ac_cv_prog_CXXCPP='arm-linux-gnueabihf-g++ -E'
ac_cv_prog_OBJDUMP=arm-linux-gnueabihf-objdump
ac_cv_prog_RANLIB=arm-linux-gnueabihf-ranlib
ac_cv_prog_STRIP=arm-linux-gnueabihf-strip
ac_cv_prog_ac_ct_MANIFEST_TOOL=mt
ac_cv_prog_ac_libmodbus_have_asciidoc=no
ac_cv_prog_ac_libmodbus_have_xmlto=no
ac_cv_prog_cc_c89=
ac_cv_prog_cc_c99=
ac_cv_prog_cc_g=yes
ac_cv_prog_cc_stdc=
ac_cv_prog_cxx_g=yes
ac_cv_prog_make_make_set=yes
ac_cv_safe_to_define___extensions__=yes
ac_cv_sys_file_offset_bits=64
ac_cv_sys_largefile_CC=no
ac_cv_type_size_t=yes
ac_cv_type_ssize_t=yes
am_cv_CC_dependencies_compiler_type=gcc3
am_cv_CXX_dependencies_compiler_type=gcc3
am_cv_make_support_nested_variables=yes
am_cv_prog_cc_c_o=yes
am_cv_prog_tar_pax=gnutar
lt_cv_ar_at_file=@
lt_cv_archive_cmds_need_lc=no
lt_cv_deplibs_check_method=pass_all
lt_cv_file_magic_cmd='$MAGIC_CMD'
lt_cv_file_magic_test_file=
lt_cv_ld_reload_flag=-r
lt_cv_nm_interface='BSD nm'
lt_cv_objdir=.libs
lt_cv_path_LD=/home/work/tools/gcc-linaro-6.2.1-2016.11-x86_64_arm-linux-gnueabihf/arm-linux-gnueabihf/bin/ld
lt_cv_path_LDCXX=/home/work/tools/gcc-linaro-6.2.1-2016.11-x86_64_arm-linux-gnueabihf/arm-linux-gnueabihf/bin/ld
lt_cv_path_NM='/home/work/tools/gcc-linaro-6.2.1-2016.11-x86_64_arm-linux-gnueabihf/bin/arm-linux-gnueabihf-nm -B'
lt_cv_path_mainfest_tool=no
lt_cv_prog_compiler_c_o=yes
lt_cv_prog_compiler_c_o_CXX=yes
lt_cv_prog_compiler_pic='-fPIC -DPIC'
lt_cv_prog_compiler_pic_CXX='-fPIC -DPIC'
lt_cv_prog_compiler_pic_works=yes
lt_cv_prog_compiler_pic_works_CXX=yes
lt_cv_prog_compiler_rtti_exceptions=no
lt_cv_prog_compiler_static_works=yes
lt_cv_prog_compiler_static_works_CXX=yes
lt_cv_prog_gnu_ld=yes
lt_cv_prog_gnu_ldcxx=yes
lt_cv_sharedlib_from_linklib_cmd='printf %s\n'
lt_cv_shlibpath_overrides_runpath=no
lt_cv_sys_global_symbol_pipe='sed -n -e '\''s/^.*[	 ]\([ABCDGIRSTW][ABCDGIRSTW]*\)[	 ][	 ]*\([_A-Za-z][_A-Za-z0-9]*\)$/\1 \2 \2/p'\'' | sed '\''/ __gnu_lto/d'\'''
lt_cv_sys_global_symbol_to_c_name_address='sed -n -e '\''s/^: \(.*\) .*$/  {"\1", (void *) 0},/p'\'' -e '\''s/^[ABCDGIRSTW][ABCDGIRSTW]* .* \(.*\)$/  {"\1", (void *) \&\1},/p'\'''
lt_cv_sys_global_symbol_to_c_name_address_lib_prefix='sed -n -e '\''s/^: \(.*\) .*$/  {"\1", (void *) 0},/p'\'' -e '\''s/^[ABCDGIRSTW][ABCDGIRSTW]* .* \(lib.*\)$/  {"\1", (void *) \&\1},/p'\'' -e '\''s/^[ABCDGIRSTW][ABCDGIRSTW]* .* \(.*\)$/  {"lib\1", (void *) \&\1},/p'\'''
lt_cv_sys_global_symbol_to_cdecl='sed -n -e '\''s/^T .* \(.*\)$/extern int \1();/p'\'' -e '\''s/^[ABCDGIRSTW][ABCDGIRSTW]* .* \(.*\)$/extern char \1;/p'\'''
lt_cv_sys_global_symbol_to_import=
lt_cv_sys_max_cmd_len=1572864
lt_cv_to_host_file_cmd=func_convert_file_noop
lt_cv_to_tool_file_cmd=func_convert_file_noop
lt_cv_truncate_bin='/bin/dd bs=4096 count=1'

## ----------------- ##
## Output variables. ##
## ----------------- ##

ACLOCAL='${SHELL} /mnt/hgfs/core/src/lib/libmodbus/build-aux/missing aclocal-1.15'
AMDEPBACKSLASH='\'
AMDEP_FALSE='#'
AMDEP_TRUE=''
AMTAR='$${TAR-tar}'
AM_BACKSLASH='\'
AM_DEFAULT_V='$(AM_DEFAULT_VERBOSITY)'
AM_DEFAULT_VERBOSITY='0'
AM_V='$(V)'
AR='arm-linux-gnueabihf-ar'
AS='as'
AUTOCONF='${SHELL} /mnt/hgfs/core/src/lib/libmodbus/build-aux/missing autoconf'
AUTOHEADER='${SHELL} /mnt/hgfs/core/src/lib/libmodbus/build-aux/missing autoheader'
AUTOMAKE='${SHELL} /mnt/hgfs/core/src/lib/libmodbus/build-aux/missing automake-1.15'
AWK='mawk'
BUILD_DOC_FALSE=''
BUILD_DOC_TRUE='#'
BUILD_TESTS_FALSE='#'
BUILD_TESTS_TRUE=''
CC='arm-linux-gnueabihf-gcc'
CCDEPMODE='depmode=gcc3'
CFLAGS='-g -O2'
CPP='arm-linux-gnueabihf-gcc -E'
CPPFLAGS=''
CXX='arm-linux-gnueabihf-g++'
CXXCPP='arm-linux-gnueabihf-g++ -E'
CXXDEPMODE='depmode=gcc3'
CXXFLAGS='-g -O2'
CYGPATH_W='echo'
DEFS='-DHAVE_CONFIG_H'
DEPDIR='.deps'
DLLTOOL='false'
DSYMUTIL=''
DUMPBIN=''
ECHO_C=''
ECHO_N='-n'
ECHO_T=''
EGREP='/bin/grep -E'
EXEEXT=''
FGREP='/bin/grep -F'
GREP='/bin/grep'
INSTALL_DATA='${INSTALL} -m 644'
INSTALL_PROGRAM='${INSTALL}'
INSTALL_SCRIPT='${INSTALL}'
INSTALL_STRIP_PROGRAM='$(install_sh) -c -s'
LD='/home/work/tools/gcc-linaro-6.2.1-2016.11-x86_64_arm-linux-gnueabihf/arm-linux-gnueabihf/bin/ld'
LDFLAGS=''
LIBMODBUS_LT_VERSION_INFO='6:0:1'
LIBMODBUS_VERSION='3.1.6'
LIBMODBUS_VERSION_MAJOR='3'
LIBMODBUS_VERSION_MICRO='6'
LIBMODBUS_VERSION_MINOR='1'
LIBOBJS=''
LIBS=''
LIBTOOL='$(SHELL) $(top_builddir)/libtool'
LIPO=''
LN_S='cp -pR'
LTLIBOBJS=''
LT_SYS_LIBRARY_PATH=''
MAKEINFO='${SHELL} /mnt/hgfs/core/src/lib/libmodbus/build-aux/missing makeinfo'
MANIFEST_TOOL=':'
MKDIR_P='/bin/mkdir -p'
NM='/home/work/tools/gcc-linaro-6.2.1-2016.11-x86_64_arm-linux-gnueabihf/bin/arm-linux-gnueabihf-nm -B'
NMEDIT=''
OBJDUMP='arm-linux-gnueabihf-objdump'
OBJEXT='o'
OS_QNX_FALSE=''
OS_QNX_TRUE='#'
OS_WIN32_FALSE=''
OS_WIN32_TRUE='#'
OTOOL64=''
OTOOL=''
PACKAGE='libmodbus'
PACKAGE_BUGREPORT='https://github.com/stephane/libmodbus/issues'
PACKAGE_NAME='libmodbus'
PACKAGE_STRING='libmodbus 3.1.6'
PACKAGE_TARNAME='libmodbus'
PACKAGE_URL='http://libmodbus.org/'
PACKAGE_VERSION='3.1.6'
PATH_SEPARATOR=':'
RANLIB='arm-linux-gnueabihf-ranlib'
SED='/bin/sed'
SET_MAKE=''
SHELL='/bin/bash'
STRIP='arm-linux-gnueabihf-strip'
VERSION='3.1.6'
ac_ct_AR=''
ac_ct_CC=''
ac_ct_CXX=''
ac_ct_DUMPBIN=''
ac_libmodbus_have_asciidoc='no'
ac_libmodbus_have_xmlto='no'
am__EXEEXT_FALSE=''
am__EXEEXT_TRUE='#'
am__fastdepCC_FALSE='#'
am__fastdepCC_TRUE=''
am__fastdepCXX_FALSE='#'
am__fastdepCXX_TRUE=''
am__include='include'
am__isrc=''
am__leading_dot='.'
am__nodep='_no'
am__quote=''
am__tar='tar --format=posix -chf - "$$tardir"'
am__untar='tar -xf -'
bindir='${exec_prefix}/bin'
build='x86_64-pc-linux-gnu'
build_alias=''
build_cpu='x86_64'
build_os='linux-gnu'
build_vendor='pc'
datadir='${datarootdir}'
datarootdir='${prefix}/share'
docdir='${datarootdir}/doc/${PACKAGE_TARNAME}'
dvidir='${docdir}'
exec_prefix='/mnt/hgfs/core/src/lib/libmodbus/install#预定义变量PWD表示当前目录'
host='arm-unknown-linux-gnueabihf'
host_alias='arm-linux-gnueabihf'
host_cpu='arm'
host_os='linux-gnueabihf'
host_vendor='unknown'
htmldir='${docdir}'
includedir='${prefix}/include'
infodir='${datarootdir}/info'
install_sh='${SHELL} /mnt/hgfs/core/src/lib/libmodbus/build-aux/install-sh'
libdir='${exec_prefix}/lib'
libexecdir='${exec_prefix}/libexec'
localedir='${datarootdir}/locale'
localstatedir='${prefix}/var'
mandir='${datarootdir}/man'
mkdir_p='$(MKDIR_P)'
my_CFLAGS='-Wall -Wmissing-declarations -Wmissing-prototypes -Wnested-externs -Wpointer-arith -Wpointer-arith -Wsign-compare -Wchar-subscripts -Wstrict-prototypes -Wshadow -Wformat-security'
oldincludedir='/usr/include'
pdfdir='${docdir}'
prefix='/mnt/hgfs/core/src/lib/libmodbus/install'
program_transform_name='s,x,x,'
psdir='${docdir}'
runstatedir='${localstatedir}/run'
sbindir='${exec_prefix}/sbin'
sharedstatedir='${prefix}/com'
sysconfdir='${prefix}/etc'
target_alias=''

## ----------- ##
## confdefs.h. ##
## ----------- ##

/* confdefs.h */
#define PACKAGE_NAME "libmodbus"
#define PACKAGE_TARNAME "libmodbus"
#define PACKAGE_VERSION "3.1.6"
#define PACKAGE_STRING "libmodbus 3.1.6"
#define PACKAGE_BUGREPORT "https://github.com/stephane/libmodbus/issues"
#define PACKAGE_URL "http://libmodbus.org/"
#define PACKAGE "libmodbus"
#define VERSION "3.1.6"
#define STDC_HEADERS 1
#define HAVE_SYS_TYPES_H 1
#define HAVE_SYS_STAT_H 1
#define HAVE_STDLIB_H 1
#define HAVE_STRING_H 1
#define HAVE_MEMORY_H 1
#define HAVE_STRINGS_H 1
#define HAVE_INTTYPES_H 1
#define HAVE_STDINT_H 1
#define HAVE_UNISTD_H 1
#define __EXTENSIONS__ 1
#define _ALL_SOURCE 1
#define _GNU_SOURCE 1
#define _POSIX_PTHREAD_SEMANTICS 1
#define _TANDEM_SOURCE 1
#define _FILE_OFFSET_BITS 64
#define HAVE_DLFCN_H 1
#define LT_OBJDIR ".libs/"
#define HAVE_ARPA_INET_H 1
#define HAVE_BYTESWAP_H 1
#define HAVE_ERRNO_H 1
#define HAVE_FCNTL_H 1
#define HAVE_LIMITS_H 1
#define HAVE_LINUX_SERIAL_H 1
#define HAVE_NETDB_H 1
#define HAVE_NETINET_IN_H 1
#define HAVE_NETINET_TCP_H 1
#define HAVE_SYS_IOCTL_H 1
#define HAVE_SYS_SOCKET_H 1
#define HAVE_SYS_TIME_H 1
#define HAVE_SYS_TYPES_H 1
#define HAVE_TERMIOS_H 1
#define HAVE_TIME_H 1
#define HAVE_UNISTD_H 1
#define HAVE_DECL___CYGWIN__ 0
#define HAVE_ACCEPT4 1
#define HAVE_GETADDRINFO 1
#define HAVE_GETTIMEOFDAY 1
#define HAVE_INET_NTOA 1
#define HAVE_SELECT 1
#define HAVE_SOCKET 1
#define HAVE_STRERROR 1
#define WINVER 0x0501
#define HAVE_DECL_TIOCSRS485 1
#define HAVE_DECL_TIOCM_RTS 1

configure: exit 0
